11-16 17:31:19 com_github_MitjaNemec_ReplicateLayout.action_replicate_layout 392:Plugin executed on: 'linux'
11-16 17:31:19 com_github_MitjaNemec_ReplicateLayout.action_replicate_layout 393:Plugin executed with python version: '3.12.7 (main, Nov 10 2011, 15:00:00) [GCC 14.2.0]'
11-16 17:31:19 com_github_MitjaNemec_ReplicateLayout.action_replicate_layout 394:KiCad build version: 8.0.6
11-16 17:31:19 com_github_MitjaNemec_ReplicateLayout.action_replicate_layout 395:Plugin version: 3.0.3
11-16 17:31:19 com_github_MitjaNemec_ReplicateLayout.action_replicate_layout 396:Frame repr: <wx._core.Frame object at 0x7fe0f2bf5c70>
11-16 17:31:19 com_github_MitjaNemec_ReplicateLayout.action_replicate_layout 420:Preparing replicator with U2 as a reference
11-16 17:31:19 com_github_MitjaNemec_ReplicateLayout.replicate_layout 117:getting a list of all footprints on board
11-16 17:31:19 com_github_MitjaNemec_ReplicateLayout.action_replicate_layout 468:source anchor footprint is 'U2'
Located on: ['Block Driver A']
With filenames: ['block_driver.kicad_sch']
With sheet_id:['Block Driver A']
11-16 17:31:19 com_github_MitjaNemec_ReplicateLayout.action_replicate_layout 475:Corresponding footprints are 
[('U8', ['Block Driver D']), ('U6', ['Block Driver C']), ('U4', ['Block Driver B']), ('U2', ['Block Driver A'])]
11-16 17:31:19 com_github_MitjaNemec_ReplicateLayout.action_replicate_layout 487:Showing dialog
11-16 17:31:19 com_github_MitjaNemec_ReplicateLayout.replicate_layout 472:constructing a list of sheets suitable for replication on level:'Block Driver A', file:'block_driver.kicad_sch'
11-16 17:31:19 com_github_MitjaNemec_ReplicateLayout.replicate_layout 509:suitable sheets are:[['Block Driver B'], ['Block Driver C'], ['Block Driver D']]
11-16 17:31:19 com_github_MitjaNemec_ReplicateLayout.replicate_layout 1507:Level selected: ['Block Driver A']
11-16 17:31:19 com_github_MitjaNemec_ReplicateLayout.replicate_layout 1331:Filtering list of tracks
11-16 17:31:19 com_github_MitjaNemec_ReplicateLayout.action_replicate_layout 493:Toolbar position: wx.Point(2466, 128)
11-16 17:31:19 com_github_MitjaNemec_ReplicateLayout.action_replicate_layout 498:Dialog position: wx.Point(2027, 128)
11-16 17:31:27 com_github_MitjaNemec_ReplicateLayout.replicate_layout 472:constructing a list of sheets suitable for replication on level:'Block Driver A', file:'block_driver.kicad_sch'
11-16 17:31:27 com_github_MitjaNemec_ReplicateLayout.replicate_layout 509:suitable sheets are:[['Block Driver B'], ['Block Driver C'], ['Block Driver D']]
11-16 17:31:27 com_github_MitjaNemec_ReplicateLayout.action_replicate_layout 240:Replicating layout
11-16 17:31:27 com_github_MitjaNemec_ReplicateLayout.replicate_layout 288:Starting replication of sheets: [['Block Driver B'], ['Block Driver C'], ['Block Driver D']]
on level: ['Block Driver A']
with tracks=True, zone=True, text=True, text=True, intersecting=False, remove=False, locked footprints=False, group_only=False
11-16 17:31:27 root 332:updating GUI message: 'Preparing for replication'
11-16 17:31:27 com_github_MitjaNemec_ReplicateLayout.replicate_layout 358:Getting the list of source footprints
11-16 17:31:27 root 337:updating GUI with: 0
11-16 17:31:27 com_github_MitjaNemec_ReplicateLayout.replicate_layout 368:Getting the list of all the remaining footprints
11-16 17:31:27 root 337:updating GUI with: 16
11-16 17:31:27 com_github_MitjaNemec_ReplicateLayout.replicate_layout 375:Getting source tracks
11-16 17:31:27 com_github_MitjaNemec_ReplicateLayout.replicate_layout 1331:Filtering list of tracks
11-16 17:31:27 com_github_MitjaNemec_ReplicateLayout.replicate_layout 379:Getting source zones
11-16 17:31:27 com_github_MitjaNemec_ReplicateLayout.replicate_layout 383:Getting source text items
11-16 17:31:27 com_github_MitjaNemec_ReplicateLayout.replicate_layout 387:Getting source drawing items
11-16 17:31:27 root 332:updating GUI message: 'Replicating footprints'
11-16 17:31:27 com_github_MitjaNemec_ReplicateLayout.replicate_layout 861:Replicating footprints
11-16 17:31:27 root 337:updating GUI with: 0
11-16 17:31:27 com_github_MitjaNemec_ReplicateLayout.replicate_layout 868:Replicating footprints on sheet ['Block Driver B']
11-16 17:31:27 com_github_MitjaNemec_ReplicateLayout.replicate_layout 985:Src text UUid:3e344b43-fb59-45b0-a28e-ffb732f617ac
11-16 17:31:27 com_github_MitjaNemec_ReplicateLayout.replicate_layout 986:Dst text UUid:7f0ab71b-be9b-4bd4-b057-a40aa518b9f9
11-16 17:31:27 com_github_MitjaNemec_ReplicateLayout.replicate_layout 985:Src text UUid:fb2c16b3-682e-4cd0-8893-4eb8d253a098
11-16 17:31:27 com_github_MitjaNemec_ReplicateLayout.replicate_layout 986:Dst text UUid:b83616a3-3ea8-4b27-8036-14551d2b0357
11-16 17:31:27 com_github_MitjaNemec_ReplicateLayout.replicate_layout 985:Src text UUid:d1ed3580-7b93-42cc-b92d-57398a904c77
11-16 17:31:27 com_github_MitjaNemec_ReplicateLayout.replicate_layout 986:Dst text UUid:068f4b24-97f7-4555-8e74-5233b7c8b942
11-16 17:31:27 com_github_MitjaNemec_ReplicateLayout.replicate_layout 985:Src text UUid:928115bf-537a-4301-b59b-037f64618c3c
11-16 17:31:27 com_github_MitjaNemec_ReplicateLayout.replicate_layout 986:Dst text UUid:c9d914b6-7ece-4558-ae03-55e0b50bcbec
11-16 17:31:27 com_github_MitjaNemec_ReplicateLayout.replicate_layout 985:Src text UUid:2a5afb6e-a7b3-49de-b139-6cee709d7bae
11-16 17:31:27 com_github_MitjaNemec_ReplicateLayout.replicate_layout 986:Dst text UUid:520112fa-3e20-4be1-950c-e314760387c5
11-16 17:31:27 com_github_MitjaNemec_ReplicateLayout.replicate_layout 985:Src text UUid:6fef2e97-8f93-4511-bce9-da85463c8681
11-16 17:31:27 com_github_MitjaNemec_ReplicateLayout.replicate_layout 986:Dst text UUid:267f7df0-7277-452e-bf4a-ec502135d16b
11-16 17:31:27 com_github_MitjaNemec_ReplicateLayout.replicate_layout 985:Src text UUid:329fceed-ff11-4145-8cb9-99abf6b790e0
11-16 17:31:27 com_github_MitjaNemec_ReplicateLayout.replicate_layout 986:Dst text UUid:38d1ebbe-8394-4db3-9a4d-afe0770fbee2
11-16 17:31:27 com_github_MitjaNemec_ReplicateLayout.replicate_layout 985:Src text UUid:9890d936-c5c2-4033-bd3f-ab32a96ebb61
11-16 17:31:27 com_github_MitjaNemec_ReplicateLayout.replicate_layout 986:Dst text UUid:2bbc9396-fbfa-4dca-9600-14edc6d63587
11-16 17:31:27 com_github_MitjaNemec_ReplicateLayout.replicate_layout 985:Src text UUid:bdf455bb-8883-487f-a15b-8ddc093f5281
11-16 17:31:27 com_github_MitjaNemec_ReplicateLayout.replicate_layout 986:Dst text UUid:568d5352-7ab5-4f54-8f1a-c4231a2008e3
11-16 17:31:27 com_github_MitjaNemec_ReplicateLayout.replicate_layout 985:Src text UUid:957ea4c8-c0d5-4d29-a256-5823847765a2
11-16 17:31:27 com_github_MitjaNemec_ReplicateLayout.replicate_layout 986:Dst text UUid:952ec1f1-89af-43f2-aa3a-c9629d63f922
11-16 17:31:27 com_github_MitjaNemec_ReplicateLayout.replicate_layout 985:Src text UUid:a42e6319-5bd8-4625-a5da-968462c6dab7
11-16 17:31:27 com_github_MitjaNemec_ReplicateLayout.replicate_layout 986:Dst text UUid:c11bad77-0f9e-4e01-a814-e274faab57e1
11-16 17:31:27 com_github_MitjaNemec_ReplicateLayout.replicate_layout 985:Src text UUid:4f286c84-b529-49db-b742-29bae5377a0d
11-16 17:31:27 com_github_MitjaNemec_ReplicateLayout.replicate_layout 986:Dst text UUid:4137b0b6-d74c-4f3d-9ff4-f3f4a8396b61
11-16 17:31:27 com_github_MitjaNemec_ReplicateLayout.replicate_layout 985:Src text UUid:7baa8b16-96e8-4de8-b394-185bae219385
11-16 17:31:27 com_github_MitjaNemec_ReplicateLayout.replicate_layout 986:Dst text UUid:e8e8e8f0-4892-4aac-aa92-58f22392d74d
11-16 17:31:27 com_github_MitjaNemec_ReplicateLayout.replicate_layout 985:Src text UUid:1ff96dc5-021c-4596-bf77-63a9a55b8b0b
11-16 17:31:27 com_github_MitjaNemec_ReplicateLayout.replicate_layout 986:Dst text UUid:b69505b3-782e-4762-b695-6226966c0c7b
11-16 17:31:27 com_github_MitjaNemec_ReplicateLayout.replicate_layout 985:Src text UUid:b13ec263-e7c8-49fd-aac9-4116365dee9b
11-16 17:31:27 com_github_MitjaNemec_ReplicateLayout.replicate_layout 986:Dst text UUid:0b197e77-8bec-4561-b0e3-8bf5e743334c
11-16 17:31:27 com_github_MitjaNemec_ReplicateLayout.replicate_layout 985:Src text UUid:c25ad1d9-b7ca-4fab-a20c-c9d17b33f2c1
11-16 17:31:27 com_github_MitjaNemec_ReplicateLayout.replicate_layout 986:Dst text UUid:4de3995c-ee80-4ece-9bf1-6c847df0593b
11-16 17:31:27 com_github_MitjaNemec_ReplicateLayout.replicate_layout 985:Src text UUid:982659bb-a2e8-4fd1-88cf-78b7dea6881c
11-16 17:31:27 com_github_MitjaNemec_ReplicateLayout.replicate_layout 986:Dst text UUid:26ef0819-243c-4987-951c-3b3f7751f9c7
11-16 17:31:27 com_github_MitjaNemec_ReplicateLayout.replicate_layout 985:Src text UUid:3418e031-65ae-4d70-9fb1-c1515a97e00e
11-16 17:31:27 com_github_MitjaNemec_ReplicateLayout.replicate_layout 986:Dst text UUid:d1ffb67f-984e-4be5-8a32-857532a89a4f
11-16 17:31:27 com_github_MitjaNemec_ReplicateLayout.replicate_layout 985:Src text UUid:c122f502-f4fe-4619-9d3c-1ff8a072e3ea
11-16 17:31:27 com_github_MitjaNemec_ReplicateLayout.replicate_layout 986:Dst text UUid:93daf5f9-6594-41ee-846b-435e4a844a1e
11-16 17:31:27 com_github_MitjaNemec_ReplicateLayout.replicate_layout 985:Src text UUid:d774b8d5-79f5-4977-bb40-026ac7ceb268
11-16 17:31:27 com_github_MitjaNemec_ReplicateLayout.replicate_layout 986:Dst text UUid:975b34e2-23cf-40dd-bd0d-9b9b12c7fb88
11-16 17:31:27 com_github_MitjaNemec_ReplicateLayout.replicate_layout 985:Src text UUid:73d2dd1e-015a-4070-ac7d-5c1d185723d0
11-16 17:31:27 com_github_MitjaNemec_ReplicateLayout.replicate_layout 986:Dst text UUid:9fbaee0e-618f-40c5-9343-100aac3b1381
11-16 17:31:27 com_github_MitjaNemec_ReplicateLayout.replicate_layout 985:Src text UUid:a4a64b8d-36bb-45a1-b98d-e5ae5253c8ab
11-16 17:31:27 com_github_MitjaNemec_ReplicateLayout.replicate_layout 986:Dst text UUid:35ee6384-8f1f-4fb0-9bed-e3772ca02a5f
11-16 17:31:27 com_github_MitjaNemec_ReplicateLayout.replicate_layout 985:Src text UUid:4ea23b5e-0f39-44af-b304-2995831903b0
11-16 17:31:27 com_github_MitjaNemec_ReplicateLayout.replicate_layout 986:Dst text UUid:d74b80e0-9c34-44d3-a8be-035f4d4758ac
11-16 17:31:27 com_github_MitjaNemec_ReplicateLayout.replicate_layout 985:Src text UUid:7bd0ecab-2954-494a-bed1-cfc634e56041
11-16 17:31:27 com_github_MitjaNemec_ReplicateLayout.replicate_layout 986:Dst text UUid:063fa6b8-f5a0-4866-a26b-b71e8d1077f7
11-16 17:31:27 com_github_MitjaNemec_ReplicateLayout.replicate_layout 985:Src text UUid:e5667ab1-989e-4bd2-ba95-2fc3a93749df
11-16 17:31:27 com_github_MitjaNemec_ReplicateLayout.replicate_layout 986:Dst text UUid:c4dc31c2-b1da-4668-b276-aa8d64dcea6a
11-16 17:31:27 com_github_MitjaNemec_ReplicateLayout.replicate_layout 985:Src text UUid:2bf2d47d-ee4a-4989-8ede-22d5f190bc72
11-16 17:31:27 com_github_MitjaNemec_ReplicateLayout.replicate_layout 986:Dst text UUid:968bfcac-2986-46d7-ac51-9cf1fec64edc
11-16 17:31:27 com_github_MitjaNemec_ReplicateLayout.replicate_layout 985:Src text UUid:e8ec7b70-12fb-4877-b9ab-a2c953b6018f
11-16 17:31:27 com_github_MitjaNemec_ReplicateLayout.replicate_layout 986:Dst text UUid:0ec4d5a9-7903-410c-9009-73016da40104
11-16 17:31:27 com_github_MitjaNemec_ReplicateLayout.replicate_layout 985:Src text UUid:abe6b3a4-a75d-438e-bff5-b1fb1715f021
11-16 17:31:27 com_github_MitjaNemec_ReplicateLayout.replicate_layout 986:Dst text UUid:ba9bc4ad-ce63-46da-adf0-6baeda70158d
11-16 17:31:27 com_github_MitjaNemec_ReplicateLayout.replicate_layout 985:Src text UUid:7ee84828-58b0-4862-b29d-59333a0adffc
11-16 17:31:27 com_github_MitjaNemec_ReplicateLayout.replicate_layout 986:Dst text UUid:5f18efbf-3730-4078-9d80-b219600662c0
11-16 17:31:27 com_github_MitjaNemec_ReplicateLayout.replicate_layout 985:Src text UUid:5de72629-3cb3-4a49-9d5b-61d7afb9dfc4
11-16 17:31:27 com_github_MitjaNemec_ReplicateLayout.replicate_layout 986:Dst text UUid:301e5405-a91b-41bc-abfd-7962ef66df0d
11-16 17:31:27 com_github_MitjaNemec_ReplicateLayout.replicate_layout 985:Src text UUid:7e95000d-70ca-4ab1-bf8a-bc142312427b
11-16 17:31:27 com_github_MitjaNemec_ReplicateLayout.replicate_layout 986:Dst text UUid:883b71da-ab8b-424f-9c4b-40fb61db28ba
11-16 17:31:27 com_github_MitjaNemec_ReplicateLayout.replicate_layout 985:Src text UUid:d360a8f8-0be8-482b-b282-db5251f7b078
11-16 17:31:27 com_github_MitjaNemec_ReplicateLayout.replicate_layout 986:Dst text UUid:993c9b53-cd3e-4898-b626-a00ced213d41
11-16 17:31:27 com_github_MitjaNemec_ReplicateLayout.replicate_layout 985:Src text UUid:eef7a804-8d4a-4b2e-8c4f-45bf066e5c84
11-16 17:31:27 com_github_MitjaNemec_ReplicateLayout.replicate_layout 986:Dst text UUid:59dc8300-f142-472e-9dad-bb4a2bfab118
11-16 17:31:27 com_github_MitjaNemec_ReplicateLayout.replicate_layout 985:Src text UUid:3492f923-6514-4215-bf52-dd14b3f258e7
11-16 17:31:27 com_github_MitjaNemec_ReplicateLayout.replicate_layout 986:Dst text UUid:3aeb3b3c-8e91-430d-b633-ffedd283a2d4
11-16 17:31:27 com_github_MitjaNemec_ReplicateLayout.replicate_layout 985:Src text UUid:90dcacb4-abbc-464a-822b-805bf0ffcd78
11-16 17:31:27 com_github_MitjaNemec_ReplicateLayout.replicate_layout 986:Dst text UUid:ad3e9533-98dd-421a-9fe4-627cf066d5ae
11-16 17:31:27 com_github_MitjaNemec_ReplicateLayout.replicate_layout 868:Replicating footprints on sheet ['Block Driver C']
11-16 17:31:27 com_github_MitjaNemec_ReplicateLayout.replicate_layout 985:Src text UUid:3e344b43-fb59-45b0-a28e-ffb732f617ac
11-16 17:31:27 com_github_MitjaNemec_ReplicateLayout.replicate_layout 986:Dst text UUid:06371527-9766-4936-89b3-37dbf6deb374
11-16 17:31:27 com_github_MitjaNemec_ReplicateLayout.replicate_layout 985:Src text UUid:fb2c16b3-682e-4cd0-8893-4eb8d253a098
11-16 17:31:27 com_github_MitjaNemec_ReplicateLayout.replicate_layout 986:Dst text UUid:895df42a-0f41-414c-b9d4-76ada9d34c23
11-16 17:31:27 com_github_MitjaNemec_ReplicateLayout.replicate_layout 985:Src text UUid:d1ed3580-7b93-42cc-b92d-57398a904c77
11-16 17:31:27 com_github_MitjaNemec_ReplicateLayout.replicate_layout 986:Dst text UUid:04496a07-bcc9-4767-a230-c515b95b327e
11-16 17:31:27 com_github_MitjaNemec_ReplicateLayout.replicate_layout 985:Src text UUid:928115bf-537a-4301-b59b-037f64618c3c
11-16 17:31:27 com_github_MitjaNemec_ReplicateLayout.replicate_layout 986:Dst text UUid:73382861-d2e7-44ee-b4d4-8b72b48ace84
11-16 17:31:27 com_github_MitjaNemec_ReplicateLayout.replicate_layout 985:Src text UUid:2a5afb6e-a7b3-49de-b139-6cee709d7bae
11-16 17:31:27 com_github_MitjaNemec_ReplicateLayout.replicate_layout 986:Dst text UUid:12568b4a-3e33-42c7-9fcc-c7f5c5d4f19f
11-16 17:31:27 com_github_MitjaNemec_ReplicateLayout.replicate_layout 985:Src text UUid:6fef2e97-8f93-4511-bce9-da85463c8681
11-16 17:31:27 com_github_MitjaNemec_ReplicateLayout.replicate_layout 986:Dst text UUid:830c7162-0420-46cd-be3a-934e3d1e6406
11-16 17:31:27 com_github_MitjaNemec_ReplicateLayout.replicate_layout 985:Src text UUid:329fceed-ff11-4145-8cb9-99abf6b790e0
11-16 17:31:27 com_github_MitjaNemec_ReplicateLayout.replicate_layout 986:Dst text UUid:475192b2-b45f-4816-a088-619297e8c3ef
11-16 17:31:27 com_github_MitjaNemec_ReplicateLayout.replicate_layout 985:Src text UUid:9890d936-c5c2-4033-bd3f-ab32a96ebb61
11-16 17:31:27 com_github_MitjaNemec_ReplicateLayout.replicate_layout 986:Dst text UUid:95b94fcb-dfaf-454e-96d1-0cbc40c4596c
11-16 17:31:27 com_github_MitjaNemec_ReplicateLayout.replicate_layout 985:Src text UUid:bdf455bb-8883-487f-a15b-8ddc093f5281
11-16 17:31:27 com_github_MitjaNemec_ReplicateLayout.replicate_layout 986:Dst text UUid:6d8c7686-c2bd-4a69-b981-c832b8439072
11-16 17:31:27 com_github_MitjaNemec_ReplicateLayout.replicate_layout 985:Src text UUid:957ea4c8-c0d5-4d29-a256-5823847765a2
11-16 17:31:27 com_github_MitjaNemec_ReplicateLayout.replicate_layout 986:Dst text UUid:93a2efcf-1909-43f0-a5da-3b2a4846009e
11-16 17:31:27 com_github_MitjaNemec_ReplicateLayout.replicate_layout 985:Src text UUid:a42e6319-5bd8-4625-a5da-968462c6dab7
11-16 17:31:27 com_github_MitjaNemec_ReplicateLayout.replicate_layout 986:Dst text UUid:d2bb66e7-b255-40b0-a9fb-84906d5cf5a0
11-16 17:31:27 com_github_MitjaNemec_ReplicateLayout.replicate_layout 985:Src text UUid:4f286c84-b529-49db-b742-29bae5377a0d
11-16 17:31:27 com_github_MitjaNemec_ReplicateLayout.replicate_layout 986:Dst text UUid:a8a2a262-ad41-4a88-8eee-3dc49f27504e
11-16 17:31:27 com_github_MitjaNemec_ReplicateLayout.replicate_layout 985:Src text UUid:7baa8b16-96e8-4de8-b394-185bae219385
11-16 17:31:27 com_github_MitjaNemec_ReplicateLayout.replicate_layout 986:Dst text UUid:665e0826-44ce-439c-a30d-f71d3758dc5f
11-16 17:31:27 com_github_MitjaNemec_ReplicateLayout.replicate_layout 985:Src text UUid:1ff96dc5-021c-4596-bf77-63a9a55b8b0b
11-16 17:31:27 com_github_MitjaNemec_ReplicateLayout.replicate_layout 986:Dst text UUid:b475c647-ada5-43b4-8b53-50b8fcb4f8f4
11-16 17:31:27 com_github_MitjaNemec_ReplicateLayout.replicate_layout 985:Src text UUid:b13ec263-e7c8-49fd-aac9-4116365dee9b
11-16 17:31:27 com_github_MitjaNemec_ReplicateLayout.replicate_layout 986:Dst text UUid:f41bb938-2a9f-4a5f-9730-442c097b11ef
11-16 17:31:27 com_github_MitjaNemec_ReplicateLayout.replicate_layout 985:Src text UUid:c25ad1d9-b7ca-4fab-a20c-c9d17b33f2c1
11-16 17:31:27 com_github_MitjaNemec_ReplicateLayout.replicate_layout 986:Dst text UUid:43b44fdb-0dd1-4a8f-a348-b125e30c550a
11-16 17:31:27 com_github_MitjaNemec_ReplicateLayout.replicate_layout 985:Src text UUid:982659bb-a2e8-4fd1-88cf-78b7dea6881c
11-16 17:31:27 com_github_MitjaNemec_ReplicateLayout.replicate_layout 986:Dst text UUid:01c99d58-a71e-4b97-b1fe-83c10d3e4b26
11-16 17:31:27 com_github_MitjaNemec_ReplicateLayout.replicate_layout 985:Src text UUid:3418e031-65ae-4d70-9fb1-c1515a97e00e
11-16 17:31:27 com_github_MitjaNemec_ReplicateLayout.replicate_layout 986:Dst text UUid:f82da1c5-8dc7-446c-990e-3cff6c01696d
11-16 17:31:27 com_github_MitjaNemec_ReplicateLayout.replicate_layout 985:Src text UUid:c122f502-f4fe-4619-9d3c-1ff8a072e3ea
11-16 17:31:27 com_github_MitjaNemec_ReplicateLayout.replicate_layout 986:Dst text UUid:cf19434a-a407-48f8-b750-b0700fac732e
11-16 17:31:27 com_github_MitjaNemec_ReplicateLayout.replicate_layout 985:Src text UUid:d774b8d5-79f5-4977-bb40-026ac7ceb268
11-16 17:31:27 com_github_MitjaNemec_ReplicateLayout.replicate_layout 986:Dst text UUid:653a2559-218f-4af5-b282-17ef5ba0f428
11-16 17:31:27 com_github_MitjaNemec_ReplicateLayout.replicate_layout 985:Src text UUid:73d2dd1e-015a-4070-ac7d-5c1d185723d0
11-16 17:31:27 com_github_MitjaNemec_ReplicateLayout.replicate_layout 986:Dst text UUid:da598521-f6cd-4edf-88e3-c9eae19770d9
11-16 17:31:27 com_github_MitjaNemec_ReplicateLayout.replicate_layout 985:Src text UUid:a4a64b8d-36bb-45a1-b98d-e5ae5253c8ab
11-16 17:31:27 com_github_MitjaNemec_ReplicateLayout.replicate_layout 986:Dst text UUid:6798d373-f45f-46e7-bad0-77fe073b803d
11-16 17:31:27 com_github_MitjaNemec_ReplicateLayout.replicate_layout 985:Src text UUid:4ea23b5e-0f39-44af-b304-2995831903b0
11-16 17:31:27 com_github_MitjaNemec_ReplicateLayout.replicate_layout 986:Dst text UUid:ef3f0b6c-4319-410f-acf4-1c1c0bed3f76
11-16 17:31:27 com_github_MitjaNemec_ReplicateLayout.replicate_layout 985:Src text UUid:7bd0ecab-2954-494a-bed1-cfc634e56041
11-16 17:31:27 com_github_MitjaNemec_ReplicateLayout.replicate_layout 986:Dst text UUid:165be642-3638-40ab-8193-0765d096f609
11-16 17:31:27 com_github_MitjaNemec_ReplicateLayout.replicate_layout 985:Src text UUid:e5667ab1-989e-4bd2-ba95-2fc3a93749df
11-16 17:31:27 com_github_MitjaNemec_ReplicateLayout.replicate_layout 986:Dst text UUid:5fd14e72-ad5d-4e65-9e5a-7f660238ed2e
11-16 17:31:27 com_github_MitjaNemec_ReplicateLayout.replicate_layout 985:Src text UUid:2bf2d47d-ee4a-4989-8ede-22d5f190bc72
11-16 17:31:27 com_github_MitjaNemec_ReplicateLayout.replicate_layout 986:Dst text UUid:039f3efa-1aa8-4043-98eb-4d18a00b97df
11-16 17:31:27 com_github_MitjaNemec_ReplicateLayout.replicate_layout 985:Src text UUid:e8ec7b70-12fb-4877-b9ab-a2c953b6018f
11-16 17:31:27 com_github_MitjaNemec_ReplicateLayout.replicate_layout 986:Dst text UUid:ac88e65d-6c35-4ebd-bdcc-2a0ea67d6761
11-16 17:31:27 com_github_MitjaNemec_ReplicateLayout.replicate_layout 985:Src text UUid:abe6b3a4-a75d-438e-bff5-b1fb1715f021
11-16 17:31:27 com_github_MitjaNemec_ReplicateLayout.replicate_layout 986:Dst text UUid:25cb83f0-9598-491a-a57d-b73dfb103338
11-16 17:31:27 com_github_MitjaNemec_ReplicateLayout.replicate_layout 985:Src text UUid:7ee84828-58b0-4862-b29d-59333a0adffc
11-16 17:31:27 com_github_MitjaNemec_ReplicateLayout.replicate_layout 986:Dst text UUid:9c1d5a17-0407-489e-9650-b0bc74d1872e
11-16 17:31:27 com_github_MitjaNemec_ReplicateLayout.replicate_layout 985:Src text UUid:5de72629-3cb3-4a49-9d5b-61d7afb9dfc4
11-16 17:31:27 com_github_MitjaNemec_ReplicateLayout.replicate_layout 986:Dst text UUid:cf29d068-6634-4614-a907-d090f34c7552
11-16 17:31:27 com_github_MitjaNemec_ReplicateLayout.replicate_layout 985:Src text UUid:7e95000d-70ca-4ab1-bf8a-bc142312427b
11-16 17:31:27 com_github_MitjaNemec_ReplicateLayout.replicate_layout 986:Dst text UUid:c8c1fe34-cd13-40cf-9490-076b33561706
11-16 17:31:27 com_github_MitjaNemec_ReplicateLayout.replicate_layout 985:Src text UUid:d360a8f8-0be8-482b-b282-db5251f7b078
11-16 17:31:27 com_github_MitjaNemec_ReplicateLayout.replicate_layout 986:Dst text UUid:bd000da8-3f4c-4f74-8d9a-17114a358b95
11-16 17:31:27 com_github_MitjaNemec_ReplicateLayout.replicate_layout 985:Src text UUid:eef7a804-8d4a-4b2e-8c4f-45bf066e5c84
11-16 17:31:27 com_github_MitjaNemec_ReplicateLayout.replicate_layout 986:Dst text UUid:b0756bf8-f39a-4dcd-8f84-8ec287e188ed
11-16 17:31:27 com_github_MitjaNemec_ReplicateLayout.replicate_layout 985:Src text UUid:3492f923-6514-4215-bf52-dd14b3f258e7
11-16 17:31:27 com_github_MitjaNemec_ReplicateLayout.replicate_layout 986:Dst text UUid:ea9b3c2a-3f53-49a9-b65c-3f81515cbb24
11-16 17:31:27 com_github_MitjaNemec_ReplicateLayout.replicate_layout 985:Src text UUid:90dcacb4-abbc-464a-822b-805bf0ffcd78
11-16 17:31:27 com_github_MitjaNemec_ReplicateLayout.replicate_layout 986:Dst text UUid:c8ce0fee-dd2b-4c9b-af63-39f37a245ef6
11-16 17:31:27 com_github_MitjaNemec_ReplicateLayout.replicate_layout 868:Replicating footprints on sheet ['Block Driver D']
11-16 17:31:27 com_github_MitjaNemec_ReplicateLayout.replicate_layout 985:Src text UUid:3e344b43-fb59-45b0-a28e-ffb732f617ac
11-16 17:31:27 com_github_MitjaNemec_ReplicateLayout.replicate_layout 986:Dst text UUid:2f65928c-567f-4473-82a4-5b44e241685d
11-16 17:31:27 com_github_MitjaNemec_ReplicateLayout.replicate_layout 985:Src text UUid:fb2c16b3-682e-4cd0-8893-4eb8d253a098
11-16 17:31:27 com_github_MitjaNemec_ReplicateLayout.replicate_layout 986:Dst text UUid:f8e14932-dff1-4f00-b784-4aa0b5694857
11-16 17:31:27 com_github_MitjaNemec_ReplicateLayout.replicate_layout 985:Src text UUid:d1ed3580-7b93-42cc-b92d-57398a904c77
11-16 17:31:27 com_github_MitjaNemec_ReplicateLayout.replicate_layout 986:Dst text UUid:87806526-ab62-4d09-b648-96158b3a993d
11-16 17:31:27 com_github_MitjaNemec_ReplicateLayout.replicate_layout 985:Src text UUid:928115bf-537a-4301-b59b-037f64618c3c
11-16 17:31:27 com_github_MitjaNemec_ReplicateLayout.replicate_layout 986:Dst text UUid:58958d3c-8e7d-4a3f-9792-92b802d2531a
11-16 17:31:27 com_github_MitjaNemec_ReplicateLayout.replicate_layout 985:Src text UUid:2a5afb6e-a7b3-49de-b139-6cee709d7bae
11-16 17:31:27 com_github_MitjaNemec_ReplicateLayout.replicate_layout 986:Dst text UUid:549db311-34bb-44c3-9bd8-bcaa211b4482
11-16 17:31:27 com_github_MitjaNemec_ReplicateLayout.replicate_layout 985:Src text UUid:6fef2e97-8f93-4511-bce9-da85463c8681
11-16 17:31:27 com_github_MitjaNemec_ReplicateLayout.replicate_layout 986:Dst text UUid:8f2293f3-4e33-4ea1-a5fe-9de91ea8999d
11-16 17:31:27 com_github_MitjaNemec_ReplicateLayout.replicate_layout 985:Src text UUid:329fceed-ff11-4145-8cb9-99abf6b790e0
11-16 17:31:27 com_github_MitjaNemec_ReplicateLayout.replicate_layout 986:Dst text UUid:95d8ec7d-5edf-43d2-a33b-02318b2fba19
11-16 17:31:27 com_github_MitjaNemec_ReplicateLayout.replicate_layout 985:Src text UUid:9890d936-c5c2-4033-bd3f-ab32a96ebb61
11-16 17:31:27 com_github_MitjaNemec_ReplicateLayout.replicate_layout 986:Dst text UUid:9cbf90cb-4a4a-4f07-a850-e03de1f52d11
11-16 17:31:27 com_github_MitjaNemec_ReplicateLayout.replicate_layout 985:Src text UUid:bdf455bb-8883-487f-a15b-8ddc093f5281
11-16 17:31:27 com_github_MitjaNemec_ReplicateLayout.replicate_layout 986:Dst text UUid:115d7387-5404-4ffa-b141-ae8d7229ccf7
11-16 17:31:27 com_github_MitjaNemec_ReplicateLayout.replicate_layout 985:Src text UUid:957ea4c8-c0d5-4d29-a256-5823847765a2
11-16 17:31:27 com_github_MitjaNemec_ReplicateLayout.replicate_layout 986:Dst text UUid:027ed394-adfc-478c-909a-c5043c376d31
11-16 17:31:27 com_github_MitjaNemec_ReplicateLayout.replicate_layout 985:Src text UUid:a42e6319-5bd8-4625-a5da-968462c6dab7
11-16 17:31:27 com_github_MitjaNemec_ReplicateLayout.replicate_layout 986:Dst text UUid:8e36e708-e3bd-416d-9f9b-e93268be7f93
11-16 17:31:27 com_github_MitjaNemec_ReplicateLayout.replicate_layout 985:Src text UUid:4f286c84-b529-49db-b742-29bae5377a0d
11-16 17:31:27 com_github_MitjaNemec_ReplicateLayout.replicate_layout 986:Dst text UUid:ec623192-a210-4c22-95ab-58e94b052f74
11-16 17:31:27 com_github_MitjaNemec_ReplicateLayout.replicate_layout 985:Src text UUid:7baa8b16-96e8-4de8-b394-185bae219385
11-16 17:31:27 com_github_MitjaNemec_ReplicateLayout.replicate_layout 986:Dst text UUid:12e1cc5c-a016-47fb-a631-46839ede44ca
11-16 17:31:27 com_github_MitjaNemec_ReplicateLayout.replicate_layout 985:Src text UUid:1ff96dc5-021c-4596-bf77-63a9a55b8b0b
11-16 17:31:27 com_github_MitjaNemec_ReplicateLayout.replicate_layout 986:Dst text UUid:546d858b-903c-4c1f-9257-f21113e8dd46
11-16 17:31:27 com_github_MitjaNemec_ReplicateLayout.replicate_layout 985:Src text UUid:b13ec263-e7c8-49fd-aac9-4116365dee9b
11-16 17:31:27 com_github_MitjaNemec_ReplicateLayout.replicate_layout 986:Dst text UUid:51300b41-442a-401e-aaf5-f2ade243ec03
11-16 17:31:27 com_github_MitjaNemec_ReplicateLayout.replicate_layout 985:Src text UUid:c25ad1d9-b7ca-4fab-a20c-c9d17b33f2c1
11-16 17:31:27 com_github_MitjaNemec_ReplicateLayout.replicate_layout 986:Dst text UUid:4b2b830e-ace7-4d4a-ac55-bd8298687a6b
11-16 17:31:27 com_github_MitjaNemec_ReplicateLayout.replicate_layout 985:Src text UUid:982659bb-a2e8-4fd1-88cf-78b7dea6881c
11-16 17:31:27 com_github_MitjaNemec_ReplicateLayout.replicate_layout 986:Dst text UUid:cf5fb217-4c6a-4abe-a093-52aedc1340db
11-16 17:31:27 com_github_MitjaNemec_ReplicateLayout.replicate_layout 985:Src text UUid:3418e031-65ae-4d70-9fb1-c1515a97e00e
11-16 17:31:27 com_github_MitjaNemec_ReplicateLayout.replicate_layout 986:Dst text UUid:0bf68a60-ae17-4fb2-bce3-9103a8dd6425
11-16 17:31:27 com_github_MitjaNemec_ReplicateLayout.replicate_layout 985:Src text UUid:c122f502-f4fe-4619-9d3c-1ff8a072e3ea
11-16 17:31:27 com_github_MitjaNemec_ReplicateLayout.replicate_layout 986:Dst text UUid:7a2c6e6a-24bc-4339-9282-d7a7df813157
11-16 17:31:27 com_github_MitjaNemec_ReplicateLayout.replicate_layout 985:Src text UUid:d774b8d5-79f5-4977-bb40-026ac7ceb268
11-16 17:31:27 com_github_MitjaNemec_ReplicateLayout.replicate_layout 986:Dst text UUid:32929f11-9118-4f90-afca-1b99da17ba3f
11-16 17:31:27 com_github_MitjaNemec_ReplicateLayout.replicate_layout 985:Src text UUid:73d2dd1e-015a-4070-ac7d-5c1d185723d0
11-16 17:31:27 com_github_MitjaNemec_ReplicateLayout.replicate_layout 986:Dst text UUid:05aefbae-0131-41f5-80a5-1171a77876c0
11-16 17:31:27 com_github_MitjaNemec_ReplicateLayout.replicate_layout 985:Src text UUid:a4a64b8d-36bb-45a1-b98d-e5ae5253c8ab
11-16 17:31:27 com_github_MitjaNemec_ReplicateLayout.replicate_layout 986:Dst text UUid:ba04b61a-cfcf-4965-9686-d9c508ef4622
11-16 17:31:27 com_github_MitjaNemec_ReplicateLayout.replicate_layout 985:Src text UUid:4ea23b5e-0f39-44af-b304-2995831903b0
11-16 17:31:27 com_github_MitjaNemec_ReplicateLayout.replicate_layout 986:Dst text UUid:22e54ec7-9c78-4e51-bba1-e82268c1179d
11-16 17:31:27 com_github_MitjaNemec_ReplicateLayout.replicate_layout 985:Src text UUid:7bd0ecab-2954-494a-bed1-cfc634e56041
11-16 17:31:27 com_github_MitjaNemec_ReplicateLayout.replicate_layout 986:Dst text UUid:bd0f1010-f0eb-4c3c-950b-f32cdfcc40fb
11-16 17:31:27 com_github_MitjaNemec_ReplicateLayout.replicate_layout 985:Src text UUid:e5667ab1-989e-4bd2-ba95-2fc3a93749df
11-16 17:31:27 com_github_MitjaNemec_ReplicateLayout.replicate_layout 986:Dst text UUid:93abaaeb-2c3c-4324-84dd-236706365886
11-16 17:31:27 com_github_MitjaNemec_ReplicateLayout.replicate_layout 985:Src text UUid:2bf2d47d-ee4a-4989-8ede-22d5f190bc72
11-16 17:31:27 com_github_MitjaNemec_ReplicateLayout.replicate_layout 986:Dst text UUid:a820597b-c185-4bee-809e-10bfe055cc12
11-16 17:31:27 com_github_MitjaNemec_ReplicateLayout.replicate_layout 985:Src text UUid:e8ec7b70-12fb-4877-b9ab-a2c953b6018f
11-16 17:31:27 com_github_MitjaNemec_ReplicateLayout.replicate_layout 986:Dst text UUid:e52e2cfb-07d1-4d5a-ad8e-6aa117d53717
11-16 17:31:27 com_github_MitjaNemec_ReplicateLayout.replicate_layout 985:Src text UUid:abe6b3a4-a75d-438e-bff5-b1fb1715f021
11-16 17:31:27 com_github_MitjaNemec_ReplicateLayout.replicate_layout 986:Dst text UUid:4391ffc5-f61b-442d-8286-048d09aaebe6
11-16 17:31:27 com_github_MitjaNemec_ReplicateLayout.replicate_layout 985:Src text UUid:7ee84828-58b0-4862-b29d-59333a0adffc
11-16 17:31:27 com_github_MitjaNemec_ReplicateLayout.replicate_layout 986:Dst text UUid:263bfb17-e16d-4925-8f55-7b13f04171e9
11-16 17:31:27 com_github_MitjaNemec_ReplicateLayout.replicate_layout 985:Src text UUid:5de72629-3cb3-4a49-9d5b-61d7afb9dfc4
11-16 17:31:27 com_github_MitjaNemec_ReplicateLayout.replicate_layout 986:Dst text UUid:8fb83167-7030-4361-962d-3b17abab22c5
11-16 17:31:27 com_github_MitjaNemec_ReplicateLayout.replicate_layout 985:Src text UUid:7e95000d-70ca-4ab1-bf8a-bc142312427b
11-16 17:31:27 com_github_MitjaNemec_ReplicateLayout.replicate_layout 986:Dst text UUid:ce88665f-b9de-47c8-8cc7-80d43f993404
11-16 17:31:27 com_github_MitjaNemec_ReplicateLayout.replicate_layout 985:Src text UUid:d360a8f8-0be8-482b-b282-db5251f7b078
11-16 17:31:27 com_github_MitjaNemec_ReplicateLayout.replicate_layout 986:Dst text UUid:7589da46-b791-4d99-859f-71e00866a11e
11-16 17:31:27 com_github_MitjaNemec_ReplicateLayout.replicate_layout 985:Src text UUid:eef7a804-8d4a-4b2e-8c4f-45bf066e5c84
11-16 17:31:27 com_github_MitjaNemec_ReplicateLayout.replicate_layout 986:Dst text UUid:d668e046-7bbf-4d27-bbc3-25b12efa4864
11-16 17:31:27 com_github_MitjaNemec_ReplicateLayout.replicate_layout 985:Src text UUid:3492f923-6514-4215-bf52-dd14b3f258e7
11-16 17:31:27 com_github_MitjaNemec_ReplicateLayout.replicate_layout 986:Dst text UUid:5af91bec-9ef9-4651-86e8-00dc5edde5a7
11-16 17:31:27 com_github_MitjaNemec_ReplicateLayout.replicate_layout 985:Src text UUid:90dcacb4-abbc-464a-822b-805bf0ffcd78
11-16 17:31:27 com_github_MitjaNemec_ReplicateLayout.replicate_layout 986:Dst text UUid:89836b8e-d86c-43c5-b68c-ea0e0a94389a
11-16 17:31:27 root 332:updating GUI message: 'Replicating tracks'
11-16 17:31:27 root 337:updating GUI with: 0
11-16 17:31:27 com_github_MitjaNemec_ReplicateLayout.replicate_layout 1009:Replicating tracks
11-16 17:31:27 root 337:updating GUI with: 0
11-16 17:31:27 com_github_MitjaNemec_ReplicateLayout.replicate_layout 1015:Replicating tracks on sheet ['Block Driver B']
11-16 17:31:27 com_github_MitjaNemec_ReplicateLayout.replicate_layout 792:Net pairs for sheet ['Block Driver B'] :[('IOREF', 'IOREF'), ('/dir_A', '/dir_B'), ('VTRACK', 'VTRACK'), ('/out1_A', '/out1_B'), ('/pwm_A', '/pwm_B'), ('Net-(U2-CPH)', 'Net-(U4-CPH)'), ('/dcc_n', '/dcc_n'), ('/dcc_p', '/dcc_p'), ('/nFault_A', '/nFault_B'), ('Net-(U1-1Y)', 'Net-(U3-1Y)'), ('/out2_A', '/out2_B'), ('/sense_A', '/sense_B'), ('GND', 'GND'), ('/dcc_en_A', '/dcc_en_B'), ('Net-(U2-CPL)', 'Net-(U4-CPL)'), ('Net-(U2-VCP)', 'Net-(U4-VCP)'), ('Net-(JP6-B)', 'Net-(JP7-B)'), ('Net-(U1-2Y)', 'Net-(U3-2Y)')]
11-16 17:31:27 com_github_MitjaNemec_ReplicateLayout.replicate_layout 1015:Replicating tracks on sheet ['Block Driver C']
11-16 17:31:27 com_github_MitjaNemec_ReplicateLayout.replicate_layout 792:Net pairs for sheet ['Block Driver C'] :[('Net-(JP6-B)', 'Net-(JP8-B)'), ('IOREF', 'IOREF'), ('Net-(U2-CPH)', 'Net-(U6-CPH)'), ('VTRACK', 'VTRACK'), ('/dir_A', '/dir_C'), ('Net-(U2-CPL)', 'Net-(U6-CPL)'), ('/dcc_n', '/dcc_n'), ('/dcc_en_A', '/dcc_en_C'), ('/nFault_A', '/nFault_C'), ('/dcc_p', '/dcc_p'), ('Net-(U1-1Y)', 'Net-(U5-1Y)'), ('GND', 'GND'), ('/out2_A', '/out2_C'), ('Net-(U1-2Y)', 'Net-(U5-2Y)'), ('/out1_A', '/out1_C'), ('Net-(U2-VCP)', 'Net-(U6-VCP)'), ('/sense_A', '/sense_C'), ('/pwm_A', '/pwm_C')]
11-16 17:31:27 com_github_MitjaNemec_ReplicateLayout.replicate_layout 1015:Replicating tracks on sheet ['Block Driver D']
11-16 17:31:27 com_github_MitjaNemec_ReplicateLayout.replicate_layout 792:Net pairs for sheet ['Block Driver D'] :[('IOREF', 'IOREF'), ('Net-(U1-1Y)', 'Net-(U7-1Y)'), ('/out1_A', '/out1_D'), ('VTRACK', 'VTRACK'), ('/pwm_A', '/pwm_D'), ('Net-(U2-CPL)', 'Net-(U8-CPL)'), ('Net-(U2-VCP)', 'Net-(U8-VCP)'), ('/dcc_n', '/dcc_n'), ('/dir_A', '/dir_D'), ('/nFault_A', '/nFault_C'), ('/dcc_p', '/dcc_p'), ('/dcc_en_A', '/dcc_en_D'), ('GND', 'GND'), ('Net-(U2-CPH)', 'Net-(U8-CPH)'), ('/out2_A', '/out2_D'), ('/sense_A', '/sense_D'), ('Net-(JP6-B)', 'Net-(JP9-B)'), ('Net-(U1-2Y)', 'Net-(U7-2Y)')]
11-16 17:31:27 root 332:updating GUI message: 'Replicating zones'
11-16 17:31:27 root 337:updating GUI with: 0
11-16 17:31:27 com_github_MitjaNemec_ReplicateLayout.replicate_layout 1079:Replicating zones
11-16 17:31:27 root 337:updating GUI with: 0
11-16 17:31:27 com_github_MitjaNemec_ReplicateLayout.replicate_layout 1086:Replicating zones on sheet ['Block Driver B']
11-16 17:31:27 com_github_MitjaNemec_ReplicateLayout.replicate_layout 792:Net pairs for sheet ['Block Driver B'] :[('IOREF', 'IOREF'), ('/dir_A', '/dir_B'), ('VTRACK', 'VTRACK'), ('/out1_A', '/out1_B'), ('/pwm_A', '/pwm_B'), ('Net-(U2-CPH)', 'Net-(U4-CPH)'), ('/dcc_n', '/dcc_n'), ('/dcc_p', '/dcc_p'), ('/nFault_A', '/nFault_B'), ('Net-(U1-1Y)', 'Net-(U3-1Y)'), ('/out2_A', '/out2_B'), ('/sense_A', '/sense_B'), ('GND', 'GND'), ('/dcc_en_A', '/dcc_en_B'), ('Net-(U2-CPL)', 'Net-(U4-CPL)'), ('Net-(U2-VCP)', 'Net-(U4-VCP)'), ('Net-(JP6-B)', 'Net-(JP7-B)'), ('Net-(U1-2Y)', 'Net-(U3-2Y)')]
11-16 17:31:27 com_github_MitjaNemec_ReplicateLayout.replicate_layout 1086:Replicating zones on sheet ['Block Driver C']
11-16 17:31:27 com_github_MitjaNemec_ReplicateLayout.replicate_layout 792:Net pairs for sheet ['Block Driver C'] :[('Net-(JP6-B)', 'Net-(JP8-B)'), ('IOREF', 'IOREF'), ('Net-(U2-CPH)', 'Net-(U6-CPH)'), ('VTRACK', 'VTRACK'), ('/dir_A', '/dir_C'), ('Net-(U2-CPL)', 'Net-(U6-CPL)'), ('/dcc_n', '/dcc_n'), ('/dcc_en_A', '/dcc_en_C'), ('/nFault_A', '/nFault_C'), ('/dcc_p', '/dcc_p'), ('Net-(U1-1Y)', 'Net-(U5-1Y)'), ('GND', 'GND'), ('/out2_A', '/out2_C'), ('Net-(U1-2Y)', 'Net-(U5-2Y)'), ('/out1_A', '/out1_C'), ('Net-(U2-VCP)', 'Net-(U6-VCP)'), ('/sense_A', '/sense_C'), ('/pwm_A', '/pwm_C')]
11-16 17:31:27 com_github_MitjaNemec_ReplicateLayout.replicate_layout 1086:Replicating zones on sheet ['Block Driver D']
11-16 17:31:27 com_github_MitjaNemec_ReplicateLayout.replicate_layout 792:Net pairs for sheet ['Block Driver D'] :[('IOREF', 'IOREF'), ('Net-(U1-1Y)', 'Net-(U7-1Y)'), ('/out1_A', '/out1_D'), ('VTRACK', 'VTRACK'), ('/pwm_A', '/pwm_D'), ('Net-(U2-CPL)', 'Net-(U8-CPL)'), ('Net-(U2-VCP)', 'Net-(U8-VCP)'), ('/dcc_n', '/dcc_n'), ('/dir_A', '/dir_D'), ('/nFault_A', '/nFault_C'), ('/dcc_p', '/dcc_p'), ('/dcc_en_A', '/dcc_en_D'), ('GND', 'GND'), ('Net-(U2-CPH)', 'Net-(U8-CPH)'), ('/out2_A', '/out2_D'), ('/sense_A', '/sense_D'), ('Net-(JP6-B)', 'Net-(JP9-B)'), ('Net-(U1-2Y)', 'Net-(U7-2Y)')]
11-16 17:31:27 root 332:updating GUI message: 'Replicating text'
11-16 17:31:27 com_github_MitjaNemec_ReplicateLayout.replicate_layout 1168:Replicating text
11-16 17:31:27 root 337:updating GUI with: 0
11-16 17:31:27 com_github_MitjaNemec_ReplicateLayout.replicate_layout 1175:Replicating text on sheet ['Block Driver B']
11-16 17:31:27 com_github_MitjaNemec_ReplicateLayout.replicate_layout 1175:Replicating text on sheet ['Block Driver C']
11-16 17:31:27 com_github_MitjaNemec_ReplicateLayout.replicate_layout 1175:Replicating text on sheet ['Block Driver D']
11-16 17:31:27 root 332:updating GUI message: 'Replicating drawings'
11-16 17:31:27 com_github_MitjaNemec_ReplicateLayout.replicate_layout 1219:Replicating drawings
11-16 17:31:27 com_github_MitjaNemec_ReplicateLayout.replicate_layout 1225:Replicating drawings on sheet ['Block Driver B']
11-16 17:31:27 com_github_MitjaNemec_ReplicateLayout.replicate_layout 1225:Replicating drawings on sheet ['Block Driver C']
11-16 17:31:27 com_github_MitjaNemec_ReplicateLayout.replicate_layout 1225:Replicating drawings on sheet ['Block Driver D']
11-16 17:31:28 com_github_MitjaNemec_ReplicateLayout.action_replicate_layout 256:Replication complete
