01-10 14:53:15 com_github_MitjaNemec_ReplicateLayout.action_replicate_layout 392:Plugin executed on: 'linux'
01-10 14:53:15 com_github_MitjaNemec_ReplicateLayout.action_replicate_layout 393:Plugin executed with python version: '3.12.7 (main, Nov 10 2011, 15:00:00) [GCC 14.2.0]'
01-10 14:53:15 com_github_MitjaNemec_ReplicateLayout.action_replicate_layout 394:KiCad build version: 8.0.6
01-10 14:53:15 com_github_MitjaNemec_ReplicateLayout.action_replicate_layout 395:Plugin version: 3.0.3
01-10 14:53:15 com_github_MitjaNemec_ReplicateLayout.action_replicate_layout 396:Frame repr: <wx._core.Frame object at 0x7df7b7f7d760>
01-10 14:53:15 com_github_MitjaNemec_ReplicateLayout.action_replicate_layout 420:Preparing replicator with U3 as a reference
01-10 14:53:15 com_github_MitjaNemec_ReplicateLayout.replicate_layout 117:getting a list of all footprints on board
01-10 14:53:15 com_github_MitjaNemec_ReplicateLayout.action_replicate_layout 468:source anchor footprint is 'U3'
Located on: ['Block Driver A']
With filenames: ['block_driver.kicad_sch']
With sheet_id:['Block Driver A']
01-10 14:53:15 com_github_MitjaNemec_ReplicateLayout.action_replicate_layout 475:Corresponding footprints are 
[('U7', ['Block Driver C']), ('U5', ['Block Driver B']), ('U9', ['Block Driver D']), ('U3', ['Block Driver A'])]
01-10 14:53:15 com_github_MitjaNemec_ReplicateLayout.action_replicate_layout 487:Showing dialog
01-10 14:53:15 com_github_MitjaNemec_ReplicateLayout.replicate_layout 472:constructing a list of sheets suitable for replication on level:'Block Driver A', file:'block_driver.kicad_sch'
01-10 14:53:15 com_github_MitjaNemec_ReplicateLayout.replicate_layout 509:suitable sheets are:[['Block Driver B'], ['Block Driver C'], ['Block Driver D']]
01-10 14:53:15 com_github_MitjaNemec_ReplicateLayout.replicate_layout 1507:Level selected: ['Block Driver A']
01-10 14:53:15 com_github_MitjaNemec_ReplicateLayout.replicate_layout 1331:Filtering list of tracks
01-10 14:53:15 com_github_MitjaNemec_ReplicateLayout.action_replicate_layout 493:Toolbar position: wx.Point(3153, 166)
01-10 14:53:15 com_github_MitjaNemec_ReplicateLayout.action_replicate_layout 498:Dialog position: wx.Point(2714, 166)
01-10 14:53:36 com_github_MitjaNemec_ReplicateLayout.replicate_layout 472:constructing a list of sheets suitable for replication on level:'Block Driver A', file:'block_driver.kicad_sch'
01-10 14:53:36 com_github_MitjaNemec_ReplicateLayout.replicate_layout 509:suitable sheets are:[['Block Driver B'], ['Block Driver C'], ['Block Driver D']]
01-10 14:53:36 com_github_MitjaNemec_ReplicateLayout.action_replicate_layout 240:Replicating layout
01-10 14:53:36 com_github_MitjaNemec_ReplicateLayout.replicate_layout 288:Starting replication of sheets: [['Block Driver B'], ['Block Driver C'], ['Block Driver D']]
on level: ['Block Driver A']
with tracks=True, zone=True, text=True, text=True, intersecting=False, remove=True, locked footprints=False, group_only=False
01-10 14:53:36 root 332:updating GUI message: 'Preparing for replication'
01-10 14:53:36 com_github_MitjaNemec_ReplicateLayout.replicate_layout 358:Getting the list of source footprints
01-10 14:53:36 root 337:updating GUI with: 0
01-10 14:53:36 com_github_MitjaNemec_ReplicateLayout.replicate_layout 368:Getting the list of all the remaining footprints
01-10 14:53:36 com_github_MitjaNemec_ReplicateLayout.replicate_layout 375:Getting source tracks
01-10 14:53:36 com_github_MitjaNemec_ReplicateLayout.replicate_layout 1331:Filtering list of tracks
01-10 14:53:36 com_github_MitjaNemec_ReplicateLayout.replicate_layout 379:Getting source zones
01-10 14:53:36 com_github_MitjaNemec_ReplicateLayout.replicate_layout 383:Getting source text items
01-10 14:53:36 com_github_MitjaNemec_ReplicateLayout.replicate_layout 387:Getting source drawing items
01-10 14:53:36 com_github_MitjaNemec_ReplicateLayout.replicate_layout 320:Removing tracks and zones, before footprint placement
01-10 14:53:36 root 332:updating GUI message: 'Removing zones and tracks'
01-10 14:53:36 com_github_MitjaNemec_ReplicateLayout.replicate_layout 1277:Remove bounding box top:55915000, bottom:72975000, Left:44025001, Right:250242500
01-10 14:53:36 com_github_MitjaNemec_ReplicateLayout.replicate_layout 1277:Remove bounding box top:95100001, bottom:113095000, Left:44200000, Right:250242500
01-10 14:53:36 com_github_MitjaNemec_ReplicateLayout.replicate_layout 1277:Remove bounding box top:75975000, bottom:93035000, Left:44200000, Right:250242500
01-10 14:53:36 root 332:updating GUI message: 'Replicating footprints'
01-10 14:53:36 com_github_MitjaNemec_ReplicateLayout.replicate_layout 861:Replicating footprints
01-10 14:53:36 com_github_MitjaNemec_ReplicateLayout.replicate_layout 868:Replicating footprints on sheet ['Block Driver B']
01-10 14:53:36 com_github_MitjaNemec_ReplicateLayout.replicate_layout 985:Src text UUid:b68a4d4b-b714-4685-9898-f7d669f0c030
01-10 14:53:36 com_github_MitjaNemec_ReplicateLayout.replicate_layout 986:Dst text UUid:4f5ca2ee-ac98-4478-ae4a-d542006dc1d3
01-10 14:53:36 com_github_MitjaNemec_ReplicateLayout.replicate_layout 985:Src text UUid:73ded35c-61d1-46a3-9acd-a957a42ea55c
01-10 14:53:36 com_github_MitjaNemec_ReplicateLayout.replicate_layout 986:Dst text UUid:9fe1325b-b667-4395-bba4-120d710ccda0
01-10 14:53:36 com_github_MitjaNemec_ReplicateLayout.replicate_layout 985:Src text UUid:47c5ac95-5740-4bbc-8944-c53d41da116a
01-10 14:53:36 com_github_MitjaNemec_ReplicateLayout.replicate_layout 986:Dst text UUid:81d3e596-b7ee-48a8-a944-81ea2305e5b7
01-10 14:53:36 com_github_MitjaNemec_ReplicateLayout.replicate_layout 985:Src text UUid:245d636e-6724-43cf-9f90-95dbceceae27
01-10 14:53:36 com_github_MitjaNemec_ReplicateLayout.replicate_layout 986:Dst text UUid:151c024d-4979-4f8a-826c-85c3081c6a8f
01-10 14:53:36 com_github_MitjaNemec_ReplicateLayout.replicate_layout 985:Src text UUid:40560696-5599-497b-a66f-cd1828fd293c
01-10 14:53:36 com_github_MitjaNemec_ReplicateLayout.replicate_layout 986:Dst text UUid:b187f0b0-c43e-4acc-87ef-3456045edee0
01-10 14:53:36 com_github_MitjaNemec_ReplicateLayout.replicate_layout 985:Src text UUid:58a1b136-7873-4f2f-a2db-94bc135f0b56
01-10 14:53:36 com_github_MitjaNemec_ReplicateLayout.replicate_layout 986:Dst text UUid:7b50857a-3e67-4c07-8220-a179a2ca7a0c
01-10 14:53:36 com_github_MitjaNemec_ReplicateLayout.replicate_layout 985:Src text UUid:cdfeacd4-015d-4421-ac11-f97664da8b44
01-10 14:53:36 com_github_MitjaNemec_ReplicateLayout.replicate_layout 986:Dst text UUid:8b0365d1-251e-44a8-827b-ceefaadfe6b4
01-10 14:53:36 com_github_MitjaNemec_ReplicateLayout.replicate_layout 985:Src text UUid:e927961c-759c-4fb7-9927-75000b320c8f
01-10 14:53:36 com_github_MitjaNemec_ReplicateLayout.replicate_layout 986:Dst text UUid:7798b945-a028-426d-8909-dee756eeee0a
01-10 14:53:36 com_github_MitjaNemec_ReplicateLayout.replicate_layout 985:Src text UUid:334dc4ca-ff98-461e-afb7-f840b7573691
01-10 14:53:36 com_github_MitjaNemec_ReplicateLayout.replicate_layout 986:Dst text UUid:34e44630-be28-433a-8b82-a0f8a7106194
01-10 14:53:36 com_github_MitjaNemec_ReplicateLayout.replicate_layout 985:Src text UUid:4eb70507-3a25-43fd-b21c-18bfe025d85c
01-10 14:53:36 com_github_MitjaNemec_ReplicateLayout.replicate_layout 986:Dst text UUid:2815d4cf-06bf-47b9-bd3f-77cf048bc1ec
01-10 14:53:36 com_github_MitjaNemec_ReplicateLayout.replicate_layout 985:Src text UUid:e28e2269-919f-4bea-bf75-bca6cd5dd3c8
01-10 14:53:36 com_github_MitjaNemec_ReplicateLayout.replicate_layout 986:Dst text UUid:f42b2569-aa95-4f0b-afec-49479987b8bc
01-10 14:53:36 com_github_MitjaNemec_ReplicateLayout.replicate_layout 985:Src text UUid:2ee19b8e-c174-4b97-8e79-cbf3217fc6a2
01-10 14:53:36 com_github_MitjaNemec_ReplicateLayout.replicate_layout 986:Dst text UUid:6c18bed0-892d-46fc-be5e-8eba451b42ec
01-10 14:53:36 com_github_MitjaNemec_ReplicateLayout.replicate_layout 985:Src text UUid:d2957c70-9b4a-46b6-b6c2-c8c12ba46c86
01-10 14:53:36 com_github_MitjaNemec_ReplicateLayout.replicate_layout 986:Dst text UUid:7f4cbdf9-dce9-45f3-8504-07803c3899cf
01-10 14:53:36 com_github_MitjaNemec_ReplicateLayout.replicate_layout 985:Src text UUid:1b541178-cba0-4a76-ab45-a2aaef9b1792
01-10 14:53:36 com_github_MitjaNemec_ReplicateLayout.replicate_layout 986:Dst text UUid:cfa3bb40-2dd1-45cb-b6c5-85c81406978f
01-10 14:53:36 com_github_MitjaNemec_ReplicateLayout.replicate_layout 985:Src text UUid:0b3eb64e-2034-49ff-a203-4cd58d1886a4
01-10 14:53:36 com_github_MitjaNemec_ReplicateLayout.replicate_layout 986:Dst text UUid:3e6b7adf-d42e-42cc-ab02-58d5b3d6f989
01-10 14:53:36 com_github_MitjaNemec_ReplicateLayout.replicate_layout 985:Src text UUid:e033d3b6-aaec-4844-ad9d-a7d2997ca87c
01-10 14:53:36 com_github_MitjaNemec_ReplicateLayout.replicate_layout 986:Dst text UUid:b18c05b4-43ac-47cd-9eb8-89aa4acfc088
01-10 14:53:36 com_github_MitjaNemec_ReplicateLayout.replicate_layout 985:Src text UUid:815a54e1-32f8-4784-a8d5-ee64438c7472
01-10 14:53:36 com_github_MitjaNemec_ReplicateLayout.replicate_layout 986:Dst text UUid:ce696ca7-5af1-4317-9951-5ce141693b90
01-10 14:53:36 com_github_MitjaNemec_ReplicateLayout.replicate_layout 985:Src text UUid:8abe665f-f8f7-428b-996c-be2e7525b88c
01-10 14:53:36 com_github_MitjaNemec_ReplicateLayout.replicate_layout 986:Dst text UUid:778f86d6-e638-4f27-8f8d-679f61b30a5b
01-10 14:53:36 com_github_MitjaNemec_ReplicateLayout.replicate_layout 985:Src text UUid:270992a4-f74f-4e03-8d5f-fa76fc6ac6b6
01-10 14:53:36 com_github_MitjaNemec_ReplicateLayout.replicate_layout 986:Dst text UUid:46fcdd94-fbfe-48f3-bdac-353789096128
01-10 14:53:36 com_github_MitjaNemec_ReplicateLayout.replicate_layout 985:Src text UUid:90454ad0-33c0-474f-92f4-3b34f86d3391
01-10 14:53:36 com_github_MitjaNemec_ReplicateLayout.replicate_layout 986:Dst text UUid:60ea59c6-fc73-48ca-80b3-fcbf34792f3f
01-10 14:53:36 com_github_MitjaNemec_ReplicateLayout.replicate_layout 985:Src text UUid:af57d1ba-c66c-48df-ace6-cf3a9b9db582
01-10 14:53:36 com_github_MitjaNemec_ReplicateLayout.replicate_layout 986:Dst text UUid:0898ae61-c042-46b9-a8a4-d6f6bb08a3eb
01-10 14:53:36 com_github_MitjaNemec_ReplicateLayout.replicate_layout 985:Src text UUid:42a4a9b5-f373-4878-95c4-48ab64446a0c
01-10 14:53:36 com_github_MitjaNemec_ReplicateLayout.replicate_layout 986:Dst text UUid:57245b75-e6dd-408c-9331-6ebd31ec6608
01-10 14:53:36 com_github_MitjaNemec_ReplicateLayout.replicate_layout 985:Src text UUid:b593d50a-0256-4e3b-a961-9631a16b9dda
01-10 14:53:36 com_github_MitjaNemec_ReplicateLayout.replicate_layout 986:Dst text UUid:9944d1e2-204a-4702-b93d-38c51b4d0cd1
01-10 14:53:36 com_github_MitjaNemec_ReplicateLayout.replicate_layout 985:Src text UUid:7a63e1a0-8610-4d53-ae76-8622664ad521
01-10 14:53:36 com_github_MitjaNemec_ReplicateLayout.replicate_layout 986:Dst text UUid:ac330ee0-68ae-4539-bc24-1dec207774ab
01-10 14:53:36 com_github_MitjaNemec_ReplicateLayout.replicate_layout 985:Src text UUid:973b8c56-ffa0-4dd8-8b8a-4e5bbd602acc
01-10 14:53:36 com_github_MitjaNemec_ReplicateLayout.replicate_layout 986:Dst text UUid:a43b4d09-c1bc-4f13-92d5-eff8e316cea7
01-10 14:53:36 com_github_MitjaNemec_ReplicateLayout.replicate_layout 985:Src text UUid:38edcded-615c-428b-9a81-e8d57450387e
01-10 14:53:36 com_github_MitjaNemec_ReplicateLayout.replicate_layout 986:Dst text UUid:f964a4fc-6336-4cb9-8ac5-4481bd66e8db
01-10 14:53:36 com_github_MitjaNemec_ReplicateLayout.replicate_layout 985:Src text UUid:87002f36-3c01-4cd1-ba23-141a4bb128aa
01-10 14:53:36 com_github_MitjaNemec_ReplicateLayout.replicate_layout 986:Dst text UUid:0a2af624-ea9e-4c6c-850d-33aeca4fcffb
01-10 14:53:36 com_github_MitjaNemec_ReplicateLayout.replicate_layout 985:Src text UUid:dcfdc5d4-17ea-4fd2-9d28-618f714d688d
01-10 14:53:36 com_github_MitjaNemec_ReplicateLayout.replicate_layout 986:Dst text UUid:377fc495-59c7-4dea-b563-b55141c85727
01-10 14:53:36 com_github_MitjaNemec_ReplicateLayout.replicate_layout 985:Src text UUid:07d9b027-1cba-48d1-8d5b-9303a49c72b6
01-10 14:53:36 com_github_MitjaNemec_ReplicateLayout.replicate_layout 986:Dst text UUid:dc85f79b-9b11-448c-b6a1-24795f675d34
01-10 14:53:36 com_github_MitjaNemec_ReplicateLayout.replicate_layout 985:Src text UUid:097e485f-e317-4d25-b492-53b8edd0269f
01-10 14:53:36 com_github_MitjaNemec_ReplicateLayout.replicate_layout 986:Dst text UUid:e53ca246-0ca7-4814-8906-981b6503b6ab
01-10 14:53:36 com_github_MitjaNemec_ReplicateLayout.replicate_layout 985:Src text UUid:611dd0b0-7ed1-41c5-9625-981e6b70df23
01-10 14:53:36 com_github_MitjaNemec_ReplicateLayout.replicate_layout 986:Dst text UUid:a16703ad-f8b1-4c70-a49a-1493e8c1f9ab
01-10 14:53:36 com_github_MitjaNemec_ReplicateLayout.replicate_layout 985:Src text UUid:4fb167bc-9ef0-444e-9663-04f288038885
01-10 14:53:36 com_github_MitjaNemec_ReplicateLayout.replicate_layout 986:Dst text UUid:6903ece3-331e-40f2-9cc7-864321e7d04c
01-10 14:53:36 com_github_MitjaNemec_ReplicateLayout.replicate_layout 985:Src text UUid:8066d77c-4ee2-46b9-864d-842a8524e53a
01-10 14:53:36 com_github_MitjaNemec_ReplicateLayout.replicate_layout 986:Dst text UUid:90743fab-d74b-4324-af51-9315c0513c71
01-10 14:53:36 com_github_MitjaNemec_ReplicateLayout.replicate_layout 868:Replicating footprints on sheet ['Block Driver C']
01-10 14:53:36 com_github_MitjaNemec_ReplicateLayout.replicate_layout 985:Src text UUid:b68a4d4b-b714-4685-9898-f7d669f0c030
01-10 14:53:36 com_github_MitjaNemec_ReplicateLayout.replicate_layout 986:Dst text UUid:1992bf41-7a75-4343-badb-48cb2fd6d745
01-10 14:53:36 com_github_MitjaNemec_ReplicateLayout.replicate_layout 985:Src text UUid:73ded35c-61d1-46a3-9acd-a957a42ea55c
01-10 14:53:36 com_github_MitjaNemec_ReplicateLayout.replicate_layout 986:Dst text UUid:4de3cb36-a32e-4c96-a2c6-a94dcf1747ca
01-10 14:53:36 com_github_MitjaNemec_ReplicateLayout.replicate_layout 985:Src text UUid:47c5ac95-5740-4bbc-8944-c53d41da116a
01-10 14:53:36 com_github_MitjaNemec_ReplicateLayout.replicate_layout 986:Dst text UUid:4a5599b9-cfb0-434a-88e1-c82555a62182
01-10 14:53:36 com_github_MitjaNemec_ReplicateLayout.replicate_layout 985:Src text UUid:245d636e-6724-43cf-9f90-95dbceceae27
01-10 14:53:36 com_github_MitjaNemec_ReplicateLayout.replicate_layout 986:Dst text UUid:8ade0981-e595-4eb0-a159-8e4b25a2d62e
01-10 14:53:36 com_github_MitjaNemec_ReplicateLayout.replicate_layout 985:Src text UUid:40560696-5599-497b-a66f-cd1828fd293c
01-10 14:53:36 com_github_MitjaNemec_ReplicateLayout.replicate_layout 986:Dst text UUid:fdee34e1-a821-4dd6-b2ae-6d14f47ef11f
01-10 14:53:36 com_github_MitjaNemec_ReplicateLayout.replicate_layout 985:Src text UUid:58a1b136-7873-4f2f-a2db-94bc135f0b56
01-10 14:53:36 com_github_MitjaNemec_ReplicateLayout.replicate_layout 986:Dst text UUid:ff387cda-4c5a-460f-bdbf-ca4a481b9555
01-10 14:53:36 com_github_MitjaNemec_ReplicateLayout.replicate_layout 985:Src text UUid:cdfeacd4-015d-4421-ac11-f97664da8b44
01-10 14:53:36 com_github_MitjaNemec_ReplicateLayout.replicate_layout 986:Dst text UUid:78115002-f54d-489b-923d-6a1bbd51f0ff
01-10 14:53:36 com_github_MitjaNemec_ReplicateLayout.replicate_layout 985:Src text UUid:e927961c-759c-4fb7-9927-75000b320c8f
01-10 14:53:36 com_github_MitjaNemec_ReplicateLayout.replicate_layout 986:Dst text UUid:8ae27b91-eacb-494d-b8f3-a203cb7dfcd1
01-10 14:53:36 com_github_MitjaNemec_ReplicateLayout.replicate_layout 985:Src text UUid:334dc4ca-ff98-461e-afb7-f840b7573691
01-10 14:53:36 com_github_MitjaNemec_ReplicateLayout.replicate_layout 986:Dst text UUid:e678a1c5-a4b2-49a7-8e02-f0400d9f084a
01-10 14:53:36 com_github_MitjaNemec_ReplicateLayout.replicate_layout 985:Src text UUid:4eb70507-3a25-43fd-b21c-18bfe025d85c
01-10 14:53:36 com_github_MitjaNemec_ReplicateLayout.replicate_layout 986:Dst text UUid:1b908ec4-52b5-4573-9fe5-83f8466f06cf
01-10 14:53:36 com_github_MitjaNemec_ReplicateLayout.replicate_layout 985:Src text UUid:e28e2269-919f-4bea-bf75-bca6cd5dd3c8
01-10 14:53:36 com_github_MitjaNemec_ReplicateLayout.replicate_layout 986:Dst text UUid:4071ca73-d78b-4e3d-ba25-c8dde9c8b01c
01-10 14:53:36 com_github_MitjaNemec_ReplicateLayout.replicate_layout 985:Src text UUid:2ee19b8e-c174-4b97-8e79-cbf3217fc6a2
01-10 14:53:36 com_github_MitjaNemec_ReplicateLayout.replicate_layout 986:Dst text UUid:f5739bbe-f99d-4578-a76c-623189244d45
01-10 14:53:36 root 337:updating GUI with: 48
01-10 14:53:36 com_github_MitjaNemec_ReplicateLayout.replicate_layout 985:Src text UUid:d2957c70-9b4a-46b6-b6c2-c8c12ba46c86
01-10 14:53:36 com_github_MitjaNemec_ReplicateLayout.replicate_layout 986:Dst text UUid:1ccc7975-b405-4c26-8529-202de38f10e7
01-10 14:53:36 com_github_MitjaNemec_ReplicateLayout.replicate_layout 985:Src text UUid:1b541178-cba0-4a76-ab45-a2aaef9b1792
01-10 14:53:36 com_github_MitjaNemec_ReplicateLayout.replicate_layout 986:Dst text UUid:b9681016-85f0-4c7e-8c78-3945c2ef8bf6
01-10 14:53:36 com_github_MitjaNemec_ReplicateLayout.replicate_layout 985:Src text UUid:0b3eb64e-2034-49ff-a203-4cd58d1886a4
01-10 14:53:36 com_github_MitjaNemec_ReplicateLayout.replicate_layout 986:Dst text UUid:38a2def9-1170-4fd4-8072-76c82cac00ee
01-10 14:53:36 com_github_MitjaNemec_ReplicateLayout.replicate_layout 985:Src text UUid:e033d3b6-aaec-4844-ad9d-a7d2997ca87c
01-10 14:53:36 com_github_MitjaNemec_ReplicateLayout.replicate_layout 986:Dst text UUid:7f49ed70-bf50-4191-903d-bfe4656463f3
01-10 14:53:36 com_github_MitjaNemec_ReplicateLayout.replicate_layout 985:Src text UUid:815a54e1-32f8-4784-a8d5-ee64438c7472
01-10 14:53:36 com_github_MitjaNemec_ReplicateLayout.replicate_layout 986:Dst text UUid:8771ddd3-6542-41a2-a59c-51de6dd25b48
01-10 14:53:36 com_github_MitjaNemec_ReplicateLayout.replicate_layout 985:Src text UUid:8abe665f-f8f7-428b-996c-be2e7525b88c
01-10 14:53:36 com_github_MitjaNemec_ReplicateLayout.replicate_layout 986:Dst text UUid:97cf6fb5-ec3d-4f31-b1fb-aabe195512b0
01-10 14:53:36 com_github_MitjaNemec_ReplicateLayout.replicate_layout 985:Src text UUid:270992a4-f74f-4e03-8d5f-fa76fc6ac6b6
01-10 14:53:36 com_github_MitjaNemec_ReplicateLayout.replicate_layout 986:Dst text UUid:0b574886-17a2-43ee-8a77-ecc6e0599035
01-10 14:53:36 com_github_MitjaNemec_ReplicateLayout.replicate_layout 985:Src text UUid:90454ad0-33c0-474f-92f4-3b34f86d3391
01-10 14:53:36 com_github_MitjaNemec_ReplicateLayout.replicate_layout 986:Dst text UUid:a70377ba-ffe5-4c67-8fdd-6e1c00b4bfff
01-10 14:53:36 com_github_MitjaNemec_ReplicateLayout.replicate_layout 985:Src text UUid:af57d1ba-c66c-48df-ace6-cf3a9b9db582
01-10 14:53:36 com_github_MitjaNemec_ReplicateLayout.replicate_layout 986:Dst text UUid:920b6e28-5aaf-4c8f-97e6-d2e28186d18e
01-10 14:53:36 com_github_MitjaNemec_ReplicateLayout.replicate_layout 985:Src text UUid:42a4a9b5-f373-4878-95c4-48ab64446a0c
01-10 14:53:36 com_github_MitjaNemec_ReplicateLayout.replicate_layout 986:Dst text UUid:85543abf-d074-4c6c-a0b3-c80f592bec11
01-10 14:53:36 com_github_MitjaNemec_ReplicateLayout.replicate_layout 985:Src text UUid:b593d50a-0256-4e3b-a961-9631a16b9dda
01-10 14:53:36 com_github_MitjaNemec_ReplicateLayout.replicate_layout 986:Dst text UUid:f7e8332c-8159-4e1f-98aa-96083f1853c0
01-10 14:53:36 com_github_MitjaNemec_ReplicateLayout.replicate_layout 985:Src text UUid:7a63e1a0-8610-4d53-ae76-8622664ad521
01-10 14:53:36 com_github_MitjaNemec_ReplicateLayout.replicate_layout 986:Dst text UUid:95b62a87-e596-45c6-a67a-8c5702ddfb08
01-10 14:53:36 com_github_MitjaNemec_ReplicateLayout.replicate_layout 985:Src text UUid:973b8c56-ffa0-4dd8-8b8a-4e5bbd602acc
01-10 14:53:36 com_github_MitjaNemec_ReplicateLayout.replicate_layout 986:Dst text UUid:70e9cdc4-b587-451d-a9fe-6d7dc77d21a7
01-10 14:53:36 com_github_MitjaNemec_ReplicateLayout.replicate_layout 985:Src text UUid:38edcded-615c-428b-9a81-e8d57450387e
01-10 14:53:36 com_github_MitjaNemec_ReplicateLayout.replicate_layout 986:Dst text UUid:ed346c95-3970-4f32-a917-0af7f246b8f9
01-10 14:53:36 com_github_MitjaNemec_ReplicateLayout.replicate_layout 985:Src text UUid:87002f36-3c01-4cd1-ba23-141a4bb128aa
01-10 14:53:36 com_github_MitjaNemec_ReplicateLayout.replicate_layout 986:Dst text UUid:3603ca65-c6fa-491a-b691-8853977b9045
01-10 14:53:36 com_github_MitjaNemec_ReplicateLayout.replicate_layout 985:Src text UUid:dcfdc5d4-17ea-4fd2-9d28-618f714d688d
01-10 14:53:36 com_github_MitjaNemec_ReplicateLayout.replicate_layout 986:Dst text UUid:7ff2c85e-6b0b-4171-bbe6-b9e25c0c7836
01-10 14:53:36 com_github_MitjaNemec_ReplicateLayout.replicate_layout 985:Src text UUid:07d9b027-1cba-48d1-8d5b-9303a49c72b6
01-10 14:53:36 com_github_MitjaNemec_ReplicateLayout.replicate_layout 986:Dst text UUid:de5b2d3b-a3bc-427c-9b3d-ce733ebc3b91
01-10 14:53:36 com_github_MitjaNemec_ReplicateLayout.replicate_layout 985:Src text UUid:097e485f-e317-4d25-b492-53b8edd0269f
01-10 14:53:36 com_github_MitjaNemec_ReplicateLayout.replicate_layout 986:Dst text UUid:922f6a40-b750-40b5-9f96-92532f7b247a
01-10 14:53:36 com_github_MitjaNemec_ReplicateLayout.replicate_layout 985:Src text UUid:611dd0b0-7ed1-41c5-9625-981e6b70df23
01-10 14:53:36 com_github_MitjaNemec_ReplicateLayout.replicate_layout 986:Dst text UUid:777fef76-6bbf-48f8-a882-87f007d4d556
01-10 14:53:36 com_github_MitjaNemec_ReplicateLayout.replicate_layout 985:Src text UUid:4fb167bc-9ef0-444e-9663-04f288038885
01-10 14:53:36 com_github_MitjaNemec_ReplicateLayout.replicate_layout 986:Dst text UUid:c49ec7ad-7e16-4cdc-ad13-21902b0f9df5
01-10 14:53:36 com_github_MitjaNemec_ReplicateLayout.replicate_layout 985:Src text UUid:8066d77c-4ee2-46b9-864d-842a8524e53a
01-10 14:53:36 com_github_MitjaNemec_ReplicateLayout.replicate_layout 986:Dst text UUid:7864d8b4-33cf-4178-b09d-fd36992cf312
01-10 14:53:36 com_github_MitjaNemec_ReplicateLayout.replicate_layout 868:Replicating footprints on sheet ['Block Driver D']
01-10 14:53:36 com_github_MitjaNemec_ReplicateLayout.replicate_layout 985:Src text UUid:b68a4d4b-b714-4685-9898-f7d669f0c030
01-10 14:53:36 com_github_MitjaNemec_ReplicateLayout.replicate_layout 986:Dst text UUid:e54f7c6e-2905-4806-a32c-8b91ebb89b1d
01-10 14:53:36 com_github_MitjaNemec_ReplicateLayout.replicate_layout 985:Src text UUid:73ded35c-61d1-46a3-9acd-a957a42ea55c
01-10 14:53:36 com_github_MitjaNemec_ReplicateLayout.replicate_layout 986:Dst text UUid:016d00ed-fe8e-4277-bf41-5a24b5285f8b
01-10 14:53:36 com_github_MitjaNemec_ReplicateLayout.replicate_layout 985:Src text UUid:47c5ac95-5740-4bbc-8944-c53d41da116a
01-10 14:53:36 com_github_MitjaNemec_ReplicateLayout.replicate_layout 986:Dst text UUid:495f7179-861e-4665-9680-1664cc41e9b7
01-10 14:53:36 com_github_MitjaNemec_ReplicateLayout.replicate_layout 985:Src text UUid:245d636e-6724-43cf-9f90-95dbceceae27
01-10 14:53:36 com_github_MitjaNemec_ReplicateLayout.replicate_layout 986:Dst text UUid:97a10cd8-3960-4a38-963f-79217f71114d
01-10 14:53:36 com_github_MitjaNemec_ReplicateLayout.replicate_layout 985:Src text UUid:40560696-5599-497b-a66f-cd1828fd293c
01-10 14:53:36 com_github_MitjaNemec_ReplicateLayout.replicate_layout 986:Dst text UUid:2e2ce6d2-d750-4179-989a-be56efc83ad8
01-10 14:53:36 com_github_MitjaNemec_ReplicateLayout.replicate_layout 985:Src text UUid:58a1b136-7873-4f2f-a2db-94bc135f0b56
01-10 14:53:36 com_github_MitjaNemec_ReplicateLayout.replicate_layout 986:Dst text UUid:934c9e00-2586-4e1a-94d7-9966ca9def29
01-10 14:53:36 com_github_MitjaNemec_ReplicateLayout.replicate_layout 985:Src text UUid:cdfeacd4-015d-4421-ac11-f97664da8b44
01-10 14:53:36 com_github_MitjaNemec_ReplicateLayout.replicate_layout 986:Dst text UUid:dbb87e52-c07f-4bee-a5ef-290ae7d32e21
01-10 14:53:36 com_github_MitjaNemec_ReplicateLayout.replicate_layout 985:Src text UUid:e927961c-759c-4fb7-9927-75000b320c8f
01-10 14:53:36 com_github_MitjaNemec_ReplicateLayout.replicate_layout 986:Dst text UUid:60932e63-b98f-48e4-a4d4-4c28df120ba9
01-10 14:53:36 com_github_MitjaNemec_ReplicateLayout.replicate_layout 985:Src text UUid:334dc4ca-ff98-461e-afb7-f840b7573691
01-10 14:53:36 com_github_MitjaNemec_ReplicateLayout.replicate_layout 986:Dst text UUid:fe4b86dc-511e-4a90-805e-8626b7de861c
01-10 14:53:36 com_github_MitjaNemec_ReplicateLayout.replicate_layout 985:Src text UUid:4eb70507-3a25-43fd-b21c-18bfe025d85c
01-10 14:53:36 com_github_MitjaNemec_ReplicateLayout.replicate_layout 986:Dst text UUid:b2f7524f-e9ce-4c29-805c-2589bf62efad
01-10 14:53:36 com_github_MitjaNemec_ReplicateLayout.replicate_layout 985:Src text UUid:e28e2269-919f-4bea-bf75-bca6cd5dd3c8
01-10 14:53:36 com_github_MitjaNemec_ReplicateLayout.replicate_layout 986:Dst text UUid:471f8751-61e5-4356-b0fd-c7702c1dd84f
01-10 14:53:36 com_github_MitjaNemec_ReplicateLayout.replicate_layout 985:Src text UUid:2ee19b8e-c174-4b97-8e79-cbf3217fc6a2
01-10 14:53:36 com_github_MitjaNemec_ReplicateLayout.replicate_layout 986:Dst text UUid:8a64c438-c9c1-466c-95b9-284c14380b70
01-10 14:53:36 com_github_MitjaNemec_ReplicateLayout.replicate_layout 985:Src text UUid:d2957c70-9b4a-46b6-b6c2-c8c12ba46c86
01-10 14:53:36 com_github_MitjaNemec_ReplicateLayout.replicate_layout 986:Dst text UUid:0f771100-e415-4390-97cd-252c8e8adfbc
01-10 14:53:36 com_github_MitjaNemec_ReplicateLayout.replicate_layout 985:Src text UUid:1b541178-cba0-4a76-ab45-a2aaef9b1792
01-10 14:53:36 com_github_MitjaNemec_ReplicateLayout.replicate_layout 986:Dst text UUid:e366176c-5cfd-44f7-9697-13e219bed08d
01-10 14:53:36 com_github_MitjaNemec_ReplicateLayout.replicate_layout 985:Src text UUid:0b3eb64e-2034-49ff-a203-4cd58d1886a4
01-10 14:53:36 com_github_MitjaNemec_ReplicateLayout.replicate_layout 986:Dst text UUid:cf13b16a-94c5-4960-883f-2b1e9ea21980
01-10 14:53:36 com_github_MitjaNemec_ReplicateLayout.replicate_layout 985:Src text UUid:e033d3b6-aaec-4844-ad9d-a7d2997ca87c
01-10 14:53:36 com_github_MitjaNemec_ReplicateLayout.replicate_layout 986:Dst text UUid:1f4ee714-6925-47ee-8f00-b7c20a39496f
01-10 14:53:36 com_github_MitjaNemec_ReplicateLayout.replicate_layout 985:Src text UUid:815a54e1-32f8-4784-a8d5-ee64438c7472
01-10 14:53:36 com_github_MitjaNemec_ReplicateLayout.replicate_layout 986:Dst text UUid:82473e0e-01d3-41a1-bee9-c2916e00c5e2
01-10 14:53:36 com_github_MitjaNemec_ReplicateLayout.replicate_layout 985:Src text UUid:8abe665f-f8f7-428b-996c-be2e7525b88c
01-10 14:53:36 com_github_MitjaNemec_ReplicateLayout.replicate_layout 986:Dst text UUid:6f485461-cd3a-4cd8-b6ec-f7053255fe46
01-10 14:53:36 com_github_MitjaNemec_ReplicateLayout.replicate_layout 985:Src text UUid:270992a4-f74f-4e03-8d5f-fa76fc6ac6b6
01-10 14:53:36 com_github_MitjaNemec_ReplicateLayout.replicate_layout 986:Dst text UUid:df4a3ebd-776c-469c-aca4-a60ed4f52aae
01-10 14:53:36 com_github_MitjaNemec_ReplicateLayout.replicate_layout 985:Src text UUid:90454ad0-33c0-474f-92f4-3b34f86d3391
01-10 14:53:36 com_github_MitjaNemec_ReplicateLayout.replicate_layout 986:Dst text UUid:d0419076-922d-4ff7-bc84-da205e1a8566
01-10 14:53:36 com_github_MitjaNemec_ReplicateLayout.replicate_layout 985:Src text UUid:af57d1ba-c66c-48df-ace6-cf3a9b9db582
01-10 14:53:36 com_github_MitjaNemec_ReplicateLayout.replicate_layout 986:Dst text UUid:c726667e-a6cb-46d9-a136-d26f49934bc8
01-10 14:53:36 com_github_MitjaNemec_ReplicateLayout.replicate_layout 985:Src text UUid:42a4a9b5-f373-4878-95c4-48ab64446a0c
01-10 14:53:36 com_github_MitjaNemec_ReplicateLayout.replicate_layout 986:Dst text UUid:fdedc58d-0bc7-4591-9876-d20b2df6da9b
01-10 14:53:36 com_github_MitjaNemec_ReplicateLayout.replicate_layout 985:Src text UUid:b593d50a-0256-4e3b-a961-9631a16b9dda
01-10 14:53:36 com_github_MitjaNemec_ReplicateLayout.replicate_layout 986:Dst text UUid:61c9a4d7-1a7b-403e-bc9f-8f16948ba919
01-10 14:53:36 com_github_MitjaNemec_ReplicateLayout.replicate_layout 985:Src text UUid:7a63e1a0-8610-4d53-ae76-8622664ad521
01-10 14:53:36 com_github_MitjaNemec_ReplicateLayout.replicate_layout 986:Dst text UUid:4414a6d8-d733-4841-9ed6-bc892587eb4c
01-10 14:53:36 com_github_MitjaNemec_ReplicateLayout.replicate_layout 985:Src text UUid:973b8c56-ffa0-4dd8-8b8a-4e5bbd602acc
01-10 14:53:36 com_github_MitjaNemec_ReplicateLayout.replicate_layout 986:Dst text UUid:6f2d5b29-5f5c-426c-88ad-f1c4fdd91647
01-10 14:53:36 com_github_MitjaNemec_ReplicateLayout.replicate_layout 985:Src text UUid:38edcded-615c-428b-9a81-e8d57450387e
01-10 14:53:36 com_github_MitjaNemec_ReplicateLayout.replicate_layout 986:Dst text UUid:f407df0e-dba5-41ef-ac7e-117b3f615117
01-10 14:53:36 com_github_MitjaNemec_ReplicateLayout.replicate_layout 985:Src text UUid:87002f36-3c01-4cd1-ba23-141a4bb128aa
01-10 14:53:36 com_github_MitjaNemec_ReplicateLayout.replicate_layout 986:Dst text UUid:777a55e9-9ca5-4895-83ec-243e43a45789
01-10 14:53:36 com_github_MitjaNemec_ReplicateLayout.replicate_layout 985:Src text UUid:dcfdc5d4-17ea-4fd2-9d28-618f714d688d
01-10 14:53:36 com_github_MitjaNemec_ReplicateLayout.replicate_layout 986:Dst text UUid:3b7a11a6-c895-469e-a252-f34bd86cd2b1
01-10 14:53:36 com_github_MitjaNemec_ReplicateLayout.replicate_layout 985:Src text UUid:07d9b027-1cba-48d1-8d5b-9303a49c72b6
01-10 14:53:36 com_github_MitjaNemec_ReplicateLayout.replicate_layout 986:Dst text UUid:b424ff9c-88cd-4360-a118-e2094cb908b3
01-10 14:53:36 com_github_MitjaNemec_ReplicateLayout.replicate_layout 985:Src text UUid:097e485f-e317-4d25-b492-53b8edd0269f
01-10 14:53:36 com_github_MitjaNemec_ReplicateLayout.replicate_layout 986:Dst text UUid:0e175881-baab-4a07-a099-84246567fc10
01-10 14:53:36 com_github_MitjaNemec_ReplicateLayout.replicate_layout 985:Src text UUid:611dd0b0-7ed1-41c5-9625-981e6b70df23
01-10 14:53:36 com_github_MitjaNemec_ReplicateLayout.replicate_layout 986:Dst text UUid:d74bf5ab-4d5a-4577-9426-908c6a4c7e16
01-10 14:53:36 com_github_MitjaNemec_ReplicateLayout.replicate_layout 985:Src text UUid:4fb167bc-9ef0-444e-9663-04f288038885
01-10 14:53:36 com_github_MitjaNemec_ReplicateLayout.replicate_layout 986:Dst text UUid:3bdf5755-8957-4bac-b268-12c939aefeac
01-10 14:53:36 com_github_MitjaNemec_ReplicateLayout.replicate_layout 985:Src text UUid:8066d77c-4ee2-46b9-864d-842a8524e53a
01-10 14:53:36 com_github_MitjaNemec_ReplicateLayout.replicate_layout 986:Dst text UUid:9892e50a-6eff-41a6-b9aa-17b1c0fa0b45
01-10 14:53:36 com_github_MitjaNemec_ReplicateLayout.replicate_layout 328:Removing tracks and zones, after footprint placement
01-10 14:53:36 root 332:updating GUI message: 'Removing zones and tracks'
01-10 14:53:36 com_github_MitjaNemec_ReplicateLayout.replicate_layout 1277:Remove bounding box top:57394999, bottom:72824999, Left:41170001, Right:62980001
01-10 14:53:36 com_github_MitjaNemec_ReplicateLayout.replicate_layout 1277:Remove bounding box top:92495000, bottom:107925000, Left:41345000, Right:63155000
01-10 14:53:36 com_github_MitjaNemec_ReplicateLayout.replicate_layout 1277:Remove bounding box top:75245000, bottom:90675000, Left:41345000, Right:63155000
01-10 14:53:36 root 332:updating GUI message: 'Replicating tracks'
01-10 14:53:36 com_github_MitjaNemec_ReplicateLayout.replicate_layout 1009:Replicating tracks
01-10 14:53:36 root 337:updating GUI with: 0
01-10 14:53:36 com_github_MitjaNemec_ReplicateLayout.replicate_layout 1015:Replicating tracks on sheet ['Block Driver B']
01-10 14:53:36 com_github_MitjaNemec_ReplicateLayout.replicate_layout 792:Net pairs for sheet ['Block Driver B'] :[('+3.3V', '+3.3V'), ('/out2_A', '/out2_B'), ('Net-(U2-2Y)', 'Net-(U4-2Y)'), ('/sense_A', '/sense_B'), ('/out1_A', '/out1_B'), ('Net-(U3-CPL)', 'Net-(U5-CPL)'), ('/nFault_A', '/nFault_B'), ('/pwm_A', '/pwm_B'), ('/dcc_n', '/dcc_n'), ('/dcc_en_A', '/dcc_en_B'), ('Net-(U3-CPH)', 'Net-(U5-CPH)'), ('Net-(U3-VCP)', 'Net-(U5-VCP)'), ('Net-(U2-1Y)', 'Net-(U4-1Y)'), ('VTRACK', 'VTRACK'), ('GND', 'GND'), ('/dir_A', '/dir_B'), ('/dcc_p', '/dcc_p')]
01-10 14:53:36 com_github_MitjaNemec_ReplicateLayout.replicate_layout 1015:Replicating tracks on sheet ['Block Driver C']
01-10 14:53:36 com_github_MitjaNemec_ReplicateLayout.replicate_layout 792:Net pairs for sheet ['Block Driver C'] :[('+3.3V', '+3.3V'), ('Net-(U3-VCP)', 'Net-(U7-VCP)'), ('/dir_A', '/dir_C'), ('/nFault_A', '/nFault_C'), ('Net-(U3-CPL)', 'Net-(U7-CPL)'), ('/dcc_en_A', '/dcc_en_C'), ('/sense_A', '/sense_C'), ('/out1_A', '/out1_C'), ('/dcc_n', '/dcc_n'), ('Net-(U2-2Y)', 'Net-(U6-2Y)'), ('/pwm_A', '/pwm_C'), ('Net-(U2-1Y)', 'Net-(U6-1Y)'), ('VTRACK', 'VTRACK'), ('GND', 'GND'), ('Net-(U3-CPH)', 'Net-(U7-CPH)'), ('/out2_A', '/out2_C'), ('/dcc_p', '/dcc_p')]
01-10 14:53:36 com_github_MitjaNemec_ReplicateLayout.replicate_layout 1015:Replicating tracks on sheet ['Block Driver D']
01-10 14:53:36 com_github_MitjaNemec_ReplicateLayout.replicate_layout 792:Net pairs for sheet ['Block Driver D'] :[('+3.3V', '+3.3V'), ('/out1_A', '/out1_D'), ('/pwm_A', '/pwm_D'), ('Net-(U3-CPH)', 'Net-(U9-CPH)'), ('Net-(U3-CPL)', 'Net-(U9-CPL)'), ('Net-(U3-VCP)', 'Net-(U9-VCP)'), ('/dcc_n', '/dcc_n'), ('/dir_A', '/dir_D'), ('/nFault_A', '/nFault_D'), ('/out2_A', '/out2_D'), ('Net-(U2-2Y)', 'Net-(U8-2Y)'), ('VTRACK', 'VTRACK'), ('GND', 'GND'), ('Net-(U2-1Y)', 'Net-(U8-1Y)'), ('/sense_A', '/sense_D'), ('/dcc_en_A', '/dcc_en_D'), ('/dcc_p', '/dcc_p')]
01-10 14:53:36 root 332:updating GUI message: 'Replicating zones'
01-10 14:53:36 com_github_MitjaNemec_ReplicateLayout.replicate_layout 1079:Replicating zones
01-10 14:53:36 com_github_MitjaNemec_ReplicateLayout.replicate_layout 1086:Replicating zones on sheet ['Block Driver B']
01-10 14:53:36 com_github_MitjaNemec_ReplicateLayout.replicate_layout 792:Net pairs for sheet ['Block Driver B'] :[('+3.3V', '+3.3V'), ('/out2_A', '/out2_B'), ('Net-(U2-2Y)', 'Net-(U4-2Y)'), ('/sense_A', '/sense_B'), ('/out1_A', '/out1_B'), ('Net-(U3-CPL)', 'Net-(U5-CPL)'), ('/nFault_A', '/nFault_B'), ('/pwm_A', '/pwm_B'), ('/dcc_n', '/dcc_n'), ('/dcc_en_A', '/dcc_en_B'), ('Net-(U3-CPH)', 'Net-(U5-CPH)'), ('Net-(U3-VCP)', 'Net-(U5-VCP)'), ('Net-(U2-1Y)', 'Net-(U4-1Y)'), ('VTRACK', 'VTRACK'), ('GND', 'GND'), ('/dir_A', '/dir_B'), ('/dcc_p', '/dcc_p')]
01-10 14:53:36 com_github_MitjaNemec_ReplicateLayout.replicate_layout 1086:Replicating zones on sheet ['Block Driver C']
01-10 14:53:36 com_github_MitjaNemec_ReplicateLayout.replicate_layout 792:Net pairs for sheet ['Block Driver C'] :[('+3.3V', '+3.3V'), ('Net-(U3-VCP)', 'Net-(U7-VCP)'), ('/dir_A', '/dir_C'), ('/nFault_A', '/nFault_C'), ('Net-(U3-CPL)', 'Net-(U7-CPL)'), ('/dcc_en_A', '/dcc_en_C'), ('/sense_A', '/sense_C'), ('/out1_A', '/out1_C'), ('/dcc_n', '/dcc_n'), ('Net-(U2-2Y)', 'Net-(U6-2Y)'), ('/pwm_A', '/pwm_C'), ('Net-(U2-1Y)', 'Net-(U6-1Y)'), ('VTRACK', 'VTRACK'), ('GND', 'GND'), ('Net-(U3-CPH)', 'Net-(U7-CPH)'), ('/out2_A', '/out2_C'), ('/dcc_p', '/dcc_p')]
01-10 14:53:36 com_github_MitjaNemec_ReplicateLayout.replicate_layout 1086:Replicating zones on sheet ['Block Driver D']
01-10 14:53:36 com_github_MitjaNemec_ReplicateLayout.replicate_layout 792:Net pairs for sheet ['Block Driver D'] :[('+3.3V', '+3.3V'), ('/out1_A', '/out1_D'), ('/pwm_A', '/pwm_D'), ('Net-(U3-CPH)', 'Net-(U9-CPH)'), ('Net-(U3-CPL)', 'Net-(U9-CPL)'), ('Net-(U3-VCP)', 'Net-(U9-VCP)'), ('/dcc_n', '/dcc_n'), ('/dir_A', '/dir_D'), ('/nFault_A', '/nFault_D'), ('/out2_A', '/out2_D'), ('Net-(U2-2Y)', 'Net-(U8-2Y)'), ('VTRACK', 'VTRACK'), ('GND', 'GND'), ('Net-(U2-1Y)', 'Net-(U8-1Y)'), ('/sense_A', '/sense_D'), ('/dcc_en_A', '/dcc_en_D'), ('/dcc_p', '/dcc_p')]
01-10 14:53:36 root 332:updating GUI message: 'Replicating text'
01-10 14:53:36 com_github_MitjaNemec_ReplicateLayout.replicate_layout 1168:Replicating text
01-10 14:53:36 com_github_MitjaNemec_ReplicateLayout.replicate_layout 1175:Replicating text on sheet ['Block Driver B']
01-10 14:53:36 com_github_MitjaNemec_ReplicateLayout.replicate_layout 1175:Replicating text on sheet ['Block Driver C']
01-10 14:53:36 com_github_MitjaNemec_ReplicateLayout.replicate_layout 1175:Replicating text on sheet ['Block Driver D']
01-10 14:53:36 root 332:updating GUI message: 'Replicating drawings'
01-10 14:53:36 com_github_MitjaNemec_ReplicateLayout.replicate_layout 1219:Replicating drawings
01-10 14:53:36 com_github_MitjaNemec_ReplicateLayout.replicate_layout 1225:Replicating drawings on sheet ['Block Driver B']
01-10 14:53:36 com_github_MitjaNemec_ReplicateLayout.replicate_layout 1225:Replicating drawings on sheet ['Block Driver C']
01-10 14:53:36 com_github_MitjaNemec_ReplicateLayout.replicate_layout 1225:Replicating drawings on sheet ['Block Driver D']
01-10 14:53:36 com_github_MitjaNemec_ReplicateLayout.action_replicate_layout 256:Replication complete
